{"D:\\code\\torn-gym-analyzer\\postcss.config.js": {"path":"D:\\code\\torn-gym-analyzer\\postcss.config.js","all":true,"statementMap":{"0":{"start":{"line":1,"column":0},"end":{"line":1,"column":18}},"1":{"start":{"line":2,"column":0},"end":{"line":2,"column":12}},"2":{"start":{"line":3,"column":0},"end":{"line":3,"column":20}},"3":{"start":{"line":4,"column":0},"end":{"line":4,"column":20}},"4":{"start":{"line":5,"column":0},"end":{"line":5,"column":3}},"5":{"start":{"line":6,"column":0},"end":{"line":6,"column":2}}},"s":{"0":0,"1":0,"2":0,"3":0,"4":0,"5":0},"branchMap":{"0":{"type":"branch","line":1,"loc":{"start":{"line":1,"column":85},"end":{"line":6,"column":2}},"locations":[{"start":{"line":1,"column":85},"end":{"line":6,"column":2}}]}},"b":{"0":[0]},"fnMap":{"0":{"name":"(empty-report)","decl":{"start":{"line":1,"column":85},"end":{"line":6,"column":2}},"loc":{"start":{"line":1,"column":85},"end":{"line":6,"column":2}},"line":1}},"f":{"0":0}}
,"D:\\code\\torn-gym-analyzer\\tailwind.config.js": {"path":"D:\\code\\torn-gym-analyzer\\tailwind.config.js","all":true,"statementMap":{"0":{"start":{"line":1,"column":0},"end":{"line":1,"column":18}},"1":{"start":{"line":2,"column":0},"end":{"line":2,"column":58}},"2":{"start":{"line":3,"column":0},"end":{"line":3,"column":63}},"3":{"start":{"line":4,"column":0},"end":{"line":4,"column":10}},"4":{"start":{"line":5,"column":0},"end":{"line":5,"column":15}},"5":{"start":{"line":6,"column":0},"end":{"line":6,"column":4}},"6":{"start":{"line":7,"column":0},"end":{"line":7,"column":14}},"7":{"start":{"line":8,"column":0},"end":{"line":8,"column":2}}},"s":{"0":0,"1":0,"2":0,"3":0,"4":0,"5":0,"6":0,"7":0},"branchMap":{"0":{"type":"branch","line":1,"loc":{"start":{"line":1,"column":0},"end":{"line":8,"column":2}},"locations":[{"start":{"line":1,"column":0},"end":{"line":8,"column":2}}]}},"b":{"0":[0]},"fnMap":{"0":{"name":"(empty-report)","decl":{"start":{"line":1,"column":0},"end":{"line":8,"column":2}},"loc":{"start":{"line":1,"column":0},"end":{"line":8,"column":2}},"line":1}},"f":{"0":0}}
,"D:\\code\\torn-gym-analyzer\\backup\\GymSelector.tsx": {"path":"D:\\code\\torn-gym-analyzer\\backup\\GymSelector.tsx","all":true,"statementMap":{"2":{"start":{"line":3,"column":0},"end":{"line":3,"column":45}},"10":{"start":{"line":11,"column":0},"end":{"line":11,"column":85}},"12":{"start":{"line":13,"column":0},"end":{"line":13,"column":69}},"13":{"start":{"line":14,"column":0},"end":{"line":14,"column":73}},"14":{"start":{"line":15,"column":0},"end":{"line":15,"column":71}},"15":{"start":{"line":16,"column":0},"end":{"line":16,"column":71}},"17":{"start":{"line":18,"column":0},"end":{"line":18,"column":10}},"18":{"start":{"line":19,"column":0},"end":{"line":19,"column":11}},"19":{"start":{"line":20,"column":0},"end":{"line":20,"column":22}},"20":{"start":{"line":21,"column":0},"end":{"line":21,"column":48}},"21":{"start":{"line":22,"column":0},"end":{"line":22,"column":255}},"24":{"start":{"line":25,"column":0},"end":{"line":25,"column":92}},"25":{"start":{"line":26,"column":0},"end":{"line":26,"column":37}},"26":{"start":{"line":27,"column":0},"end":{"line":27,"column":48}},"27":{"start":{"line":28,"column":0},"end":{"line":28,"column":90}},"28":{"start":{"line":29,"column":0},"end":{"line":29,"column":18}},"29":{"start":{"line":30,"column":0},"end":{"line":30,"column":115}},"30":{"start":{"line":31,"column":0},"end":{"line":31,"column":63}},"31":{"start":{"line":32,"column":0},"end":{"line":32,"column":21}},"33":{"start":{"line":34,"column":0},"end":{"line":34,"column":11}},"34":{"start":{"line":35,"column":0},"end":{"line":35,"column":17}},"37":{"start":{"line":38,"column":0},"end":{"line":38,"column":98}},"38":{"start":{"line":39,"column":0},"end":{"line":39,"column":40}},"39":{"start":{"line":40,"column":0},"end":{"line":40,"column":48}},"40":{"start":{"line":41,"column":0},"end":{"line":41,"column":90}},"41":{"start":{"line":42,"column":0},"end":{"line":42,"column":18}},"42":{"start":{"line":43,"column":0},"end":{"line":43,"column":116}},"43":{"start":{"line":44,"column":0},"end":{"line":44,"column":63}},"44":{"start":{"line":45,"column":0},"end":{"line":45,"column":21}},"46":{"start":{"line":47,"column":0},"end":{"line":47,"column":11}},"47":{"start":{"line":48,"column":0},"end":{"line":48,"column":17}},"50":{"start":{"line":51,"column":0},"end":{"line":51,"column":92}},"51":{"start":{"line":52,"column":0},"end":{"line":52,"column":38}},"52":{"start":{"line":53,"column":0},"end":{"line":53,"column":48}},"53":{"start":{"line":54,"column":0},"end":{"line":54,"column":90}},"54":{"start":{"line":55,"column":0},"end":{"line":55,"column":18}},"55":{"start":{"line":56,"column":0},"end":{"line":56,"column":116}},"56":{"start":{"line":57,"column":0},"end":{"line":57,"column":63}},"57":{"start":{"line":58,"column":0},"end":{"line":58,"column":21}},"59":{"start":{"line":60,"column":0},"end":{"line":60,"column":11}},"60":{"start":{"line":61,"column":0},"end":{"line":61,"column":17}},"63":{"start":{"line":64,"column":0},"end":{"line":64,"column":86}},"64":{"start":{"line":65,"column":0},"end":{"line":65,"column":38}},"65":{"start":{"line":66,"column":0},"end":{"line":66,"column":48}},"66":{"start":{"line":67,"column":0},"end":{"line":67,"column":90}},"67":{"start":{"line":68,"column":0},"end":{"line":68,"column":18}},"68":{"start":{"line":69,"column":0},"end":{"line":69,"column":113}},"69":{"start":{"line":70,"column":0},"end":{"line":70,"column":63}},"70":{"start":{"line":71,"column":0},"end":{"line":71,"column":21}},"72":{"start":{"line":73,"column":0},"end":{"line":73,"column":11}},"73":{"start":{"line":74,"column":0},"end":{"line":74,"column":17}},"74":{"start":{"line":75,"column":0},"end":{"line":75,"column":13}},"76":{"start":{"line":77,"column":0},"end":{"line":77,"column":1}}},"s":{"2":0,"10":0,"12":0,"13":0,"14":0,"15":0,"17":0,"18":0,"19":0,"20":0,"21":0,"24":0,"25":0,"26":0,"27":0,"28":0,"29":0,"30":0,"31":0,"33":0,"34":0,"37":0,"38":0,"39":0,"40":0,"41":0,"42":0,"43":0,"44":0,"46":0,"47":0,"50":0,"51":0,"52":0,"53":0,"54":0,"55":0,"56":0,"57":0,"59":0,"60":0,"63":0,"64":0,"65":0,"66":0,"67":0,"68":0,"69":0,"70":0,"72":0,"73":0,"74":0,"76":0},"branchMap":{"0":{"type":"branch","line":1,"loc":{"start":{"line":1,"column":3368},"end":{"line":77,"column":1}},"locations":[{"start":{"line":1,"column":3368},"end":{"line":77,"column":1}}]}},"b":{"0":[1]},"fnMap":{"0":{"name":"(empty-report)","decl":{"start":{"line":1,"column":3368},"end":{"line":77,"column":1}},"loc":{"start":{"line":1,"column":3368},"end":{"line":77,"column":1}},"line":1}},"f":{"0":1}}
,"D:\\code\\torn-gym-analyzer\\backup\\HappyEnergyInput.tsx": {"path":"D:\\code\\torn-gym-analyzer\\backup\\HappyEnergyInput.tsx","all":true,"statementMap":{"0":{"start":{"line":1,"column":0},"end":{"line":1,"column":51}},"8":{"start":{"line":9,"column":0},"end":{"line":9,"column":76}},"9":{"start":{"line":10,"column":0},"end":{"line":10,"column":72}},"10":{"start":{"line":11,"column":0},"end":{"line":11,"column":54}},"11":{"start":{"line":12,"column":0},"end":{"line":12,"column":28}},"12":{"start":{"line":13,"column":0},"end":{"line":13,"column":29}},"13":{"start":{"line":14,"column":0},"end":{"line":14,"column":5}},"15":{"start":{"line":16,"column":0},"end":{"line":16,"column":19}},"16":{"start":{"line":17,"column":0},"end":{"line":17,"column":24}},"17":{"start":{"line":18,"column":0},"end":{"line":18,"column":24}},"18":{"start":{"line":19,"column":0},"end":{"line":19,"column":32}},"19":{"start":{"line":20,"column":0},"end":{"line":20,"column":33}},"20":{"start":{"line":21,"column":0},"end":{"line":21,"column":9}},"21":{"start":{"line":22,"column":0},"end":{"line":22,"column":5}},"22":{"start":{"line":23,"column":0},"end":{"line":23,"column":36}},"24":{"start":{"line":25,"column":0},"end":{"line":25,"column":54}},"25":{"start":{"line":26,"column":0},"end":{"line":26,"column":27}},"26":{"start":{"line":27,"column":0},"end":{"line":27,"column":60}},"27":{"start":{"line":28,"column":0},"end":{"line":28,"column":29}},"28":{"start":{"line":29,"column":0},"end":{"line":29,"column":59}},"29":{"start":{"line":30,"column":0},"end":{"line":30,"column":5}},"30":{"start":{"line":31,"column":0},"end":{"line":31,"column":4}},"32":{"start":{"line":33,"column":0},"end":{"line":33,"column":53}},"33":{"start":{"line":34,"column":0},"end":{"line":34,"column":26}},"34":{"start":{"line":35,"column":0},"end":{"line":35,"column":59}},"36":{"start":{"line":37,"column":0},"end":{"line":37,"column":28}},"37":{"start":{"line":38,"column":0},"end":{"line":38,"column":33}},"38":{"start":{"line":39,"column":0},"end":{"line":39,"column":12}},"39":{"start":{"line":40,"column":0},"end":{"line":40,"column":32}},"40":{"start":{"line":41,"column":0},"end":{"line":41,"column":5}},"42":{"start":{"line":43,"column":0},"end":{"line":43,"column":74}},"43":{"start":{"line":44,"column":0},"end":{"line":44,"column":4}},"45":{"start":{"line":46,"column":0},"end":{"line":46,"column":70}},"46":{"start":{"line":47,"column":0},"end":{"line":47,"column":60}},"47":{"start":{"line":48,"column":0},"end":{"line":48,"column":4}},"49":{"start":{"line":50,"column":0},"end":{"line":50,"column":10}},"50":{"start":{"line":51,"column":0},"end":{"line":51,"column":44}},"51":{"start":{"line":52,"column":0},"end":{"line":52,"column":32}},"52":{"start":{"line":53,"column":0},"end":{"line":53,"column":117}},"54":{"start":{"line":55,"column":0},"end":{"line":55,"column":16}},"55":{"start":{"line":56,"column":0},"end":{"line":56,"column":34}},"56":{"start":{"line":57,"column":0},"end":{"line":57,"column":16}},"57":{"start":{"line":58,"column":0},"end":{"line":58,"column":25}},"58":{"start":{"line":59,"column":0},"end":{"line":59,"column":39}},"59":{"start":{"line":60,"column":0},"end":{"line":60,"column":67}},"60":{"start":{"line":61,"column":0},"end":{"line":61,"column":48}},"61":{"start":{"line":62,"column":0},"end":{"line":62,"column":46}},"62":{"start":{"line":63,"column":0},"end":{"line":63,"column":399}},"63":{"start":{"line":64,"column":0},"end":{"line":64,"column":12}},"64":{"start":{"line":65,"column":0},"end":{"line":65,"column":97}},"65":{"start":{"line":66,"column":0},"end":{"line":66,"column":135}},"66":{"start":{"line":67,"column":0},"end":{"line":67,"column":16}},"67":{"start":{"line":68,"column":0},"end":{"line":68,"column":14}},"68":{"start":{"line":69,"column":0},"end":{"line":69,"column":12}},"70":{"start":{"line":71,"column":0},"end":{"line":71,"column":32}},"71":{"start":{"line":72,"column":0},"end":{"line":72,"column":117}},"73":{"start":{"line":74,"column":0},"end":{"line":74,"column":16}},"74":{"start":{"line":75,"column":0},"end":{"line":75,"column":34}},"75":{"start":{"line":76,"column":0},"end":{"line":76,"column":16}},"76":{"start":{"line":77,"column":0},"end":{"line":77,"column":25}},"77":{"start":{"line":78,"column":0},"end":{"line":78,"column":40}},"78":{"start":{"line":79,"column":0},"end":{"line":79,"column":68}},"79":{"start":{"line":80,"column":0},"end":{"line":80,"column":49}},"80":{"start":{"line":81,"column":0},"end":{"line":81,"column":47}},"81":{"start":{"line":82,"column":0},"end":{"line":82,"column":399}},"82":{"start":{"line":83,"column":0},"end":{"line":83,"column":12}},"83":{"start":{"line":84,"column":0},"end":{"line":84,"column":97}},"84":{"start":{"line":85,"column":0},"end":{"line":85,"column":135}},"85":{"start":{"line":86,"column":0},"end":{"line":86,"column":16}},"86":{"start":{"line":87,"column":0},"end":{"line":87,"column":14}},"87":{"start":{"line":88,"column":0},"end":{"line":88,"column":12}},"88":{"start":{"line":89,"column":0},"end":{"line":89,"column":10}},"90":{"start":{"line":91,"column":0},"end":{"line":91,"column":2}},"92":{"start":{"line":93,"column":0},"end":{"line":93,"column":32}}},"s":{"0":0,"8":0,"9":0,"10":0,"11":0,"12":0,"13":0,"15":0,"16":0,"17":0,"18":0,"19":0,"20":0,"21":0,"22":0,"24":0,"25":0,"26":0,"27":0,"28":0,"29":0,"30":0,"32":0,"33":0,"34":0,"36":0,"37":0,"38":0,"39":0,"40":0,"42":0,"43":0,"45":0,"46":0,"47":0,"49":0,"50":0,"51":0,"52":0,"54":0,"55":0,"56":0,"57":0,"58":0,"59":0,"60":0,"61":0,"62":0,"63":0,"64":0,"65":0,"66":0,"67":0,"68":0,"70":0,"71":0,"73":0,"74":0,"75":0,"76":0,"77":0,"78":0,"79":0,"80":0,"81":0,"82":0,"83":0,"84":0,"85":0,"86":0,"87":0,"88":0,"90":0,"92":0},"branchMap":{"0":{"type":"branch","line":1,"loc":{"start":{"line":1,"column":3889},"end":{"line":93,"column":32}},"locations":[{"start":{"line":1,"column":3889},"end":{"line":93,"column":32}}]}},"b":{"0":[0]},"fnMap":{"0":{"name":"(empty-report)","decl":{"start":{"line":1,"column":3889},"end":{"line":93,"column":32}},"loc":{"start":{"line":1,"column":3889},"end":{"line":93,"column":32}},"line":1}},"f":{"0":0}}
,"D:\\code\\torn-gym-analyzer\\backup\\MultipliersInput.tsx": {"path":"D:\\code\\torn-gym-analyzer\\backup\\MultipliersInput.tsx","all":true,"statementMap":{"0":{"start":{"line":1,"column":0},"end":{"line":1,"column":51}},"7":{"start":{"line":8,"column":0},"end":{"line":8,"column":74}},"8":{"start":{"line":9,"column":0},"end":{"line":9,"column":72}},"9":{"start":{"line":10,"column":0},"end":{"line":10,"column":54}},"10":{"start":{"line":11,"column":0},"end":{"line":11,"column":60}},"11":{"start":{"line":12,"column":0},"end":{"line":12,"column":60}},"12":{"start":{"line":13,"column":0},"end":{"line":13,"column":60}},"13":{"start":{"line":14,"column":0},"end":{"line":14,"column":59}},"14":{"start":{"line":15,"column":0},"end":{"line":15,"column":5}},"16":{"start":{"line":17,"column":0},"end":{"line":17,"column":19}},"17":{"start":{"line":18,"column":0},"end":{"line":18,"column":24}},"18":{"start":{"line":19,"column":0},"end":{"line":19,"column":24}},"19":{"start":{"line":20,"column":0},"end":{"line":20,"column":64}},"20":{"start":{"line":21,"column":0},"end":{"line":21,"column":64}},"21":{"start":{"line":22,"column":0},"end":{"line":22,"column":64}},"22":{"start":{"line":23,"column":0},"end":{"line":23,"column":63}},"23":{"start":{"line":24,"column":0},"end":{"line":24,"column":9}},"24":{"start":{"line":25,"column":0},"end":{"line":25,"column":5}},"25":{"start":{"line":26,"column":0},"end":{"line":26,"column":34}},"27":{"start":{"line":28,"column":0},"end":{"line":28,"column":40}},"28":{"start":{"line":29,"column":0},"end":{"line":29,"column":25}},"29":{"start":{"line":30,"column":0},"end":{"line":30,"column":94}},"30":{"start":{"line":31,"column":0},"end":{"line":31,"column":29}},"31":{"start":{"line":32,"column":0},"end":{"line":32,"column":57}},"32":{"start":{"line":33,"column":0},"end":{"line":33,"column":5}},"33":{"start":{"line":34,"column":0},"end":{"line":34,"column":4}},"35":{"start":{"line":36,"column":0},"end":{"line":36,"column":39}},"36":{"start":{"line":37,"column":0},"end":{"line":37,"column":26}},"37":{"start":{"line":38,"column":0},"end":{"line":38,"column":103}},"38":{"start":{"line":39,"column":0},"end":{"line":39,"column":53}},"39":{"start":{"line":40,"column":0},"end":{"line":40,"column":57}},"40":{"start":{"line":41,"column":0},"end":{"line":41,"column":76}},"41":{"start":{"line":42,"column":0},"end":{"line":42,"column":4}},"43":{"start":{"line":44,"column":0},"end":{"line":44,"column":56}},"44":{"start":{"line":45,"column":0},"end":{"line":45,"column":58}},"45":{"start":{"line":46,"column":0},"end":{"line":46,"column":4}},"47":{"start":{"line":48,"column":0},"end":{"line":48,"column":41}},"48":{"start":{"line":49,"column":0},"end":{"line":49,"column":18}},"49":{"start":{"line":50,"column":0},"end":{"line":50,"column":58}},"50":{"start":{"line":51,"column":0},"end":{"line":51,"column":62}},"51":{"start":{"line":52,"column":0},"end":{"line":52,"column":60}},"52":{"start":{"line":53,"column":0},"end":{"line":53,"column":64}},"53":{"start":{"line":54,"column":0},"end":{"line":54,"column":57}},"54":{"start":{"line":55,"column":0},"end":{"line":55,"column":5}},"55":{"start":{"line":56,"column":0},"end":{"line":56,"column":4}},"57":{"start":{"line":58,"column":0},"end":{"line":58,"column":47}},"58":{"start":{"line":59,"column":0},"end":{"line":59,"column":18}},"59":{"start":{"line":60,"column":0},"end":{"line":60,"column":83}},"60":{"start":{"line":61,"column":0},"end":{"line":61,"column":89}},"61":{"start":{"line":62,"column":0},"end":{"line":62,"column":86}},"62":{"start":{"line":63,"column":0},"end":{"line":63,"column":92}},"63":{"start":{"line":64,"column":0},"end":{"line":64,"column":83}},"64":{"start":{"line":65,"column":0},"end":{"line":65,"column":5}},"65":{"start":{"line":66,"column":0},"end":{"line":66,"column":4}},"67":{"start":{"line":68,"column":0},"end":{"line":68,"column":10}},"68":{"start":{"line":69,"column":0},"end":{"line":69,"column":31}},"69":{"start":{"line":70,"column":0},"end":{"line":70,"column":113}},"70":{"start":{"line":71,"column":0},"end":{"line":71,"column":64}},"71":{"start":{"line":72,"column":0},"end":{"line":72,"column":182}},"72":{"start":{"line":73,"column":0},"end":{"line":73,"column":12}},"73":{"start":{"line":74,"column":0},"end":{"line":74,"column":12}},"75":{"start":{"line":76,"column":0},"end":{"line":76,"column":76}},"76":{"start":{"line":77,"column":0},"end":{"line":77,"column":63}},"77":{"start":{"line":78,"column":0},"end":{"line":78,"column":46}},"78":{"start":{"line":79,"column":0},"end":{"line":79,"column":111}},"79":{"start":{"line":80,"column":0},"end":{"line":80,"column":39}},"80":{"start":{"line":81,"column":0},"end":{"line":81,"column":20}},"81":{"start":{"line":82,"column":0},"end":{"line":82,"column":38}},"82":{"start":{"line":83,"column":0},"end":{"line":83,"column":20}},"83":{"start":{"line":84,"column":0},"end":{"line":84,"column":29}},"84":{"start":{"line":85,"column":0},"end":{"line":85,"column":26}},"85":{"start":{"line":86,"column":0},"end":{"line":86,"column":24}},"86":{"start":{"line":87,"column":0},"end":{"line":87,"column":23}},"87":{"start":{"line":88,"column":0},"end":{"line":88,"column":25}},"88":{"start":{"line":89,"column":0},"end":{"line":89,"column":42}},"89":{"start":{"line":90,"column":0},"end":{"line":90,"column":67}},"90":{"start":{"line":91,"column":0},"end":{"line":91,"column":48}},"91":{"start":{"line":92,"column":0},"end":{"line":92,"column":46}},"92":{"start":{"line":93,"column":0},"end":{"line":93,"column":31}},"93":{"start":{"line":94,"column":0},"end":{"line":94,"column":333}},"94":{"start":{"line":95,"column":0},"end":{"line":95,"column":16}},"95":{"start":{"line":96,"column":0},"end":{"line":96,"column":101}},"96":{"start":{"line":97,"column":0},"end":{"line":97,"column":83}},"97":{"start":{"line":98,"column":0},"end":{"line":98,"column":20}},"98":{"start":{"line":99,"column":0},"end":{"line":99,"column":18}},"99":{"start":{"line":100,"column":0},"end":{"line":100,"column":16}},"100":{"start":{"line":101,"column":0},"end":{"line":101,"column":11}},"101":{"start":{"line":102,"column":0},"end":{"line":102,"column":12}},"103":{"start":{"line":104,"column":0},"end":{"line":104,"column":113}},"104":{"start":{"line":105,"column":0},"end":{"line":105,"column":64}},"105":{"start":{"line":106,"column":0},"end":{"line":106,"column":190}},"106":{"start":{"line":107,"column":0},"end":{"line":107,"column":12}},"107":{"start":{"line":108,"column":0},"end":{"line":108,"column":12}},"108":{"start":{"line":109,"column":0},"end":{"line":109,"column":10}},"110":{"start":{"line":111,"column":0},"end":{"line":111,"column":2}},"112":{"start":{"line":113,"column":0},"end":{"line":113,"column":32}}},"s":{"0":0,"7":0,"8":0,"9":0,"10":0,"11":0,"12":0,"13":0,"14":0,"16":0,"17":0,"18":0,"19":0,"20":0,"21":0,"22":0,"23":0,"24":0,"25":0,"27":0,"28":0,"29":0,"30":0,"31":0,"32":0,"33":0,"35":0,"36":0,"37":0,"38":0,"39":0,"40":0,"41":0,"43":0,"44":0,"45":0,"47":0,"48":0,"49":0,"50":0,"51":0,"52":0,"53":0,"54":0,"55":0,"57":0,"58":0,"59":0,"60":0,"61":0,"62":0,"63":0,"64":0,"65":0,"67":0,"68":0,"69":0,"70":0,"71":0,"72":0,"73":0,"75":0,"76":0,"77":0,"78":0,"79":0,"80":0,"81":0,"82":0,"83":0,"84":0,"85":0,"86":0,"87":0,"88":0,"89":0,"90":0,"91":0,"92":0,"93":0,"94":0,"95":0,"96":0,"97":0,"98":0,"99":0,"100":0,"101":0,"103":0,"104":0,"105":0,"106":0,"107":0,"108":0,"110":0,"112":0},"branchMap":{"0":{"type":"branch","line":1,"loc":{"start":{"line":1,"column":5132},"end":{"line":113,"column":32}},"locations":[{"start":{"line":1,"column":5132},"end":{"line":113,"column":32}}]}},"b":{"0":[0]},"fnMap":{"0":{"name":"(empty-report)","decl":{"start":{"line":1,"column":5132},"end":{"line":113,"column":32}},"loc":{"start":{"line":1,"column":5132},"end":{"line":113,"column":32}},"line":1}},"f":{"0":0}}
,"D:\\code\\torn-gym-analyzer\\backup\\Results.tsx": {"path":"D:\\code\\torn-gym-analyzer\\backup\\Results.tsx","all":true,"statementMap":{"21":{"start":{"line":22,"column":0},"end":{"line":22,"column":80}},"22":{"start":{"line":23,"column":0},"end":{"line":23,"column":77}},"23":{"start":{"line":24,"column":0},"end":{"line":24,"column":63}},"25":{"start":{"line":26,"column":0},"end":{"line":26,"column":10}},"26":{"start":{"line":27,"column":0},"end":{"line":27,"column":31}},"28":{"start":{"line":29,"column":0},"end":{"line":29,"column":29}},"29":{"start":{"line":30,"column":0},"end":{"line":30,"column":145}},"30":{"start":{"line":31,"column":0},"end":{"line":31,"column":107}},"31":{"start":{"line":32,"column":0},"end":{"line":32,"column":48}},"32":{"start":{"line":33,"column":0},"end":{"line":33,"column":50}},"33":{"start":{"line":34,"column":0},"end":{"line":34,"column":15}},"35":{"start":{"line":36,"column":0},"end":{"line":36,"column":37}},"37":{"start":{"line":38,"column":0},"end":{"line":38,"column":67}},"38":{"start":{"line":39,"column":0},"end":{"line":39,"column":69}},"39":{"start":{"line":40,"column":0},"end":{"line":40,"column":240}},"40":{"start":{"line":41,"column":0},"end":{"line":41,"column":74}},"41":{"start":{"line":42,"column":0},"end":{"line":42,"column":61}},"42":{"start":{"line":43,"column":0},"end":{"line":43,"column":60}},"43":{"start":{"line":44,"column":0},"end":{"line":44,"column":74}},"44":{"start":{"line":45,"column":0},"end":{"line":45,"column":78}},"45":{"start":{"line":46,"column":0},"end":{"line":46,"column":76}},"46":{"start":{"line":47,"column":0},"end":{"line":47,"column":62}},"47":{"start":{"line":48,"column":0},"end":{"line":48,"column":26}},"48":{"start":{"line":49,"column":0},"end":{"line":49,"column":43}},"49":{"start":{"line":50,"column":0},"end":{"line":50,"column":29}},"50":{"start":{"line":51,"column":0},"end":{"line":51,"column":26}},"51":{"start":{"line":52,"column":0},"end":{"line":52,"column":48}},"52":{"start":{"line":53,"column":0},"end":{"line":53,"column":59}},"53":{"start":{"line":54,"column":0},"end":{"line":54,"column":74}},"54":{"start":{"line":55,"column":0},"end":{"line":55,"column":78}},"55":{"start":{"line":56,"column":0},"end":{"line":56,"column":76}},"56":{"start":{"line":57,"column":0},"end":{"line":57,"column":62}},"57":{"start":{"line":58,"column":0},"end":{"line":58,"column":26}},"58":{"start":{"line":59,"column":0},"end":{"line":59,"column":73}},"59":{"start":{"line":60,"column":0},"end":{"line":60,"column":28}},"60":{"start":{"line":61,"column":0},"end":{"line":61,"column":95}},"61":{"start":{"line":62,"column":0},"end":{"line":62,"column":26}},"62":{"start":{"line":63,"column":0},"end":{"line":63,"column":24}},"64":{"start":{"line":65,"column":0},"end":{"line":65,"column":58}},"65":{"start":{"line":66,"column":0},"end":{"line":66,"column":84}},"66":{"start":{"line":67,"column":0},"end":{"line":67,"column":104}},"67":{"start":{"line":68,"column":0},"end":{"line":68,"column":94}},"68":{"start":{"line":69,"column":0},"end":{"line":69,"column":62}},"69":{"start":{"line":70,"column":0},"end":{"line":70,"column":28}},"70":{"start":{"line":71,"column":0},"end":{"line":71,"column":26}},"71":{"start":{"line":72,"column":0},"end":{"line":72,"column":84}},"72":{"start":{"line":73,"column":0},"end":{"line":73,"column":104}},"73":{"start":{"line":74,"column":0},"end":{"line":74,"column":94}},"74":{"start":{"line":75,"column":0},"end":{"line":75,"column":62}},"75":{"start":{"line":76,"column":0},"end":{"line":76,"column":28}},"76":{"start":{"line":77,"column":0},"end":{"line":77,"column":26}},"77":{"start":{"line":78,"column":0},"end":{"line":78,"column":24}},"78":{"start":{"line":79,"column":0},"end":{"line":79,"column":22}},"79":{"start":{"line":80,"column":0},"end":{"line":80,"column":17}},"80":{"start":{"line":81,"column":0},"end":{"line":81,"column":18}},"83":{"start":{"line":84,"column":0},"end":{"line":84,"column":67}},"84":{"start":{"line":85,"column":0},"end":{"line":85,"column":188}},"85":{"start":{"line":86,"column":0},"end":{"line":86,"column":45}},"86":{"start":{"line":87,"column":0},"end":{"line":87,"column":92}},"87":{"start":{"line":88,"column":0},"end":{"line":88,"column":61}},"88":{"start":{"line":89,"column":0},"end":{"line":89,"column":24}},"89":{"start":{"line":90,"column":0},"end":{"line":90,"column":121}},"90":{"start":{"line":91,"column":0},"end":{"line":91,"column":76}},"92":{"start":{"line":93,"column":0},"end":{"line":93,"column":24}},"93":{"start":{"line":94,"column":0},"end":{"line":94,"column":22}},"94":{"start":{"line":95,"column":0},"end":{"line":95,"column":20}},"96":{"start":{"line":97,"column":0},"end":{"line":97,"column":126}},"97":{"start":{"line":98,"column":0},"end":{"line":98,"column":56}},"98":{"start":{"line":99,"column":0},"end":{"line":99,"column":54}},"99":{"start":{"line":100,"column":0},"end":{"line":100,"column":23}},"100":{"start":{"line":101,"column":0},"end":{"line":101,"column":111}},"101":{"start":{"line":102,"column":0},"end":{"line":102,"column":78}},"103":{"start":{"line":104,"column":0},"end":{"line":104,"column":24}},"104":{"start":{"line":105,"column":0},"end":{"line":105,"column":24}},"105":{"start":{"line":106,"column":0},"end":{"line":106,"column":22}},"106":{"start":{"line":107,"column":0},"end":{"line":107,"column":20}},"107":{"start":{"line":108,"column":0},"end":{"line":108,"column":18}},"108":{"start":{"line":109,"column":0},"end":{"line":109,"column":16}},"109":{"start":{"line":110,"column":0},"end":{"line":110,"column":14}},"114":{"start":{"line":115,"column":0},"end":{"line":115,"column":143}},"115":{"start":{"line":116,"column":0},"end":{"line":116,"column":105}},"116":{"start":{"line":117,"column":0},"end":{"line":117,"column":46}},"118":{"start":{"line":119,"column":0},"end":{"line":119,"column":13}},"120":{"start":{"line":121,"column":0},"end":{"line":121,"column":35}},"121":{"start":{"line":122,"column":0},"end":{"line":122,"column":35}},"122":{"start":{"line":123,"column":0},"end":{"line":123,"column":51}},"123":{"start":{"line":124,"column":0},"end":{"line":124,"column":39}},"124":{"start":{"line":125,"column":0},"end":{"line":125,"column":101}},"126":{"start":{"line":127,"column":0},"end":{"line":127,"column":20}},"127":{"start":{"line":128,"column":0},"end":{"line":128,"column":18}},"128":{"start":{"line":129,"column":0},"end":{"line":129,"column":28}},"129":{"start":{"line":130,"column":0},"end":{"line":130,"column":83}},"130":{"start":{"line":131,"column":0},"end":{"line":131,"column":29}},"131":{"start":{"line":132,"column":0},"end":{"line":132,"column":151}},"132":{"start":{"line":133,"column":0},"end":{"line":133,"column":32}},"133":{"start":{"line":134,"column":0},"end":{"line":134,"column":170}},"134":{"start":{"line":135,"column":0},"end":{"line":135,"column":142}},"135":{"start":{"line":136,"column":0},"end":{"line":136,"column":19}},"137":{"start":{"line":138,"column":0},"end":{"line":138,"column":32}},"138":{"start":{"line":139,"column":0},"end":{"line":139,"column":125}},"140":{"start":{"line":141,"column":0},"end":{"line":141,"column":24}},"143":{"start":{"line":144,"column":0},"end":{"line":144,"column":72}},"144":{"start":{"line":145,"column":0},"end":{"line":145,"column":59}},"145":{"start":{"line":146,"column":0},"end":{"line":146,"column":58}},"146":{"start":{"line":147,"column":0},"end":{"line":147,"column":74}},"147":{"start":{"line":148,"column":0},"end":{"line":148,"column":72}},"148":{"start":{"line":149,"column":0},"end":{"line":149,"column":56}},"149":{"start":{"line":150,"column":0},"end":{"line":150,"column":42}},"150":{"start":{"line":151,"column":0},"end":{"line":151,"column":54}},"151":{"start":{"line":152,"column":0},"end":{"line":152,"column":74}},"152":{"start":{"line":153,"column":0},"end":{"line":153,"column":72}},"153":{"start":{"line":154,"column":0},"end":{"line":154,"column":56}},"154":{"start":{"line":155,"column":0},"end":{"line":155,"column":24}},"155":{"start":{"line":156,"column":0},"end":{"line":156,"column":30}},"156":{"start":{"line":157,"column":0},"end":{"line":157,"column":27}},"157":{"start":{"line":158,"column":0},"end":{"line":158,"column":24}},"158":{"start":{"line":159,"column":0},"end":{"line":159,"column":46}},"159":{"start":{"line":160,"column":0},"end":{"line":160,"column":57}},"160":{"start":{"line":161,"column":0},"end":{"line":161,"column":74}},"161":{"start":{"line":162,"column":0},"end":{"line":162,"column":72}},"162":{"start":{"line":163,"column":0},"end":{"line":163,"column":56}},"163":{"start":{"line":164,"column":0},"end":{"line":164,"column":24}},"164":{"start":{"line":165,"column":0},"end":{"line":165,"column":42}},"165":{"start":{"line":166,"column":0},"end":{"line":166,"column":26}},"166":{"start":{"line":167,"column":0},"end":{"line":167,"column":94}},"167":{"start":{"line":168,"column":0},"end":{"line":168,"column":24}},"168":{"start":{"line":169,"column":0},"end":{"line":169,"column":22}},"170":{"start":{"line":171,"column":0},"end":{"line":171,"column":71}},"171":{"start":{"line":172,"column":0},"end":{"line":172,"column":86}},"172":{"start":{"line":173,"column":0},"end":{"line":173,"column":126}},"173":{"start":{"line":174,"column":0},"end":{"line":174,"column":62}},"174":{"start":{"line":175,"column":0},"end":{"line":175,"column":72}},"175":{"start":{"line":176,"column":0},"end":{"line":176,"column":76}},"176":{"start":{"line":177,"column":0},"end":{"line":177,"column":74}},"177":{"start":{"line":178,"column":0},"end":{"line":178,"column":62}},"178":{"start":{"line":179,"column":0},"end":{"line":179,"column":26}},"179":{"start":{"line":180,"column":0},"end":{"line":180,"column":41}},"180":{"start":{"line":181,"column":0},"end":{"line":181,"column":29}},"181":{"start":{"line":182,"column":0},"end":{"line":182,"column":95}},"182":{"start":{"line":183,"column":0},"end":{"line":183,"column":38}},"183":{"start":{"line":184,"column":0},"end":{"line":184,"column":29}},"184":{"start":{"line":185,"column":0},"end":{"line":185,"column":26}},"185":{"start":{"line":186,"column":0},"end":{"line":186,"column":21}},"186":{"start":{"line":187,"column":0},"end":{"line":187,"column":22}},"187":{"start":{"line":188,"column":0},"end":{"line":188,"column":20}},"189":{"start":{"line":190,"column":0},"end":{"line":190,"column":13}},"190":{"start":{"line":191,"column":0},"end":{"line":191,"column":14}},"192":{"start":{"line":193,"column":0},"end":{"line":193,"column":120}},"193":{"start":{"line":194,"column":0},"end":{"line":194,"column":66}},"194":{"start":{"line":195,"column":0},"end":{"line":195,"column":116}},"196":{"start":{"line":197,"column":0},"end":{"line":197,"column":14}},"197":{"start":{"line":198,"column":0},"end":{"line":198,"column":14}},"198":{"start":{"line":199,"column":0},"end":{"line":199,"column":12}},"199":{"start":{"line":200,"column":0},"end":{"line":200,"column":10}},"201":{"start":{"line":202,"column":0},"end":{"line":202,"column":2}},"203":{"start":{"line":204,"column":0},"end":{"line":204,"column":23}}},"s":{"21":0,"22":0,"23":0,"25":0,"26":0,"28":0,"29":0,"30":0,"31":0,"32":0,"33":0,"35":0,"37":0,"38":0,"39":0,"40":0,"41":0,"42":0,"43":0,"44":0,"45":0,"46":0,"47":0,"48":0,"49":0,"50":0,"51":0,"52":0,"53":0,"54":0,"55":0,"56":0,"57":0,"58":0,"59":0,"60":0,"61":0,"62":0,"64":0,"65":0,"66":0,"67":0,"68":0,"69":0,"70":0,"71":0,"72":0,"73":0,"74":0,"75":0,"76":0,"77":0,"78":0,"79":0,"80":0,"83":0,"84":0,"85":0,"86":0,"87":0,"88":0,"89":0,"90":0,"92":0,"93":0,"94":0,"96":0,"97":0,"98":0,"99":0,"100":0,"101":0,"103":0,"104":0,"105":0,"106":0,"107":0,"108":0,"109":0,"114":0,"115":0,"116":0,"118":0,"120":0,"121":0,"122":0,"123":0,"124":0,"126":0,"127":0,"128":0,"129":0,"130":0,"131":0,"132":0,"133":0,"134":0,"135":0,"137":0,"138":0,"140":0,"143":0,"144":0,"145":0,"146":0,"147":0,"148":0,"149":0,"150":0,"151":0,"152":0,"153":0,"154":0,"155":0,"156":0,"157":0,"158":0,"159":0,"160":0,"161":0,"162":0,"163":0,"164":0,"165":0,"166":0,"167":0,"168":0,"170":0,"171":0,"172":0,"173":0,"174":0,"175":0,"176":0,"177":0,"178":0,"179":0,"180":0,"181":0,"182":0,"183":0,"184":0,"185":0,"186":0,"187":0,"189":0,"190":0,"192":0,"193":0,"194":0,"196":0,"197":0,"198":0,"199":0,"201":0,"203":0},"branchMap":{"0":{"type":"branch","line":1,"loc":{"start":{"line":1,"column":10366},"end":{"line":204,"column":23}},"locations":[{"start":{"line":1,"column":10366},"end":{"line":204,"column":23}}]}},"b":{"0":[1]},"fnMap":{"0":{"name":"(empty-report)","decl":{"start":{"line":1,"column":10366},"end":{"line":204,"column":23}},"loc":{"start":{"line":1,"column":10366},"end":{"line":204,"column":23}},"line":1}},"f":{"0":1}}
,"D:\\code\\torn-gym-analyzer\\backup\\StatsInput.tsx": {"path":"D:\\code\\torn-gym-analyzer\\backup\\StatsInput.tsx","all":true,"statementMap":{"0":{"start":{"line":1,"column":0},"end":{"line":1,"column":51}},"7":{"start":{"line":8,"column":0},"end":{"line":8,"column":62}},"8":{"start":{"line":9,"column":0},"end":{"line":9,"column":72}},"9":{"start":{"line":10,"column":0},"end":{"line":10,"column":54}},"10":{"start":{"line":11,"column":0},"end":{"line":11,"column":30}},"11":{"start":{"line":12,"column":0},"end":{"line":12,"column":30}},"12":{"start":{"line":13,"column":0},"end":{"line":13,"column":30}},"13":{"start":{"line":14,"column":0},"end":{"line":14,"column":29}},"14":{"start":{"line":15,"column":0},"end":{"line":15,"column":5}},"16":{"start":{"line":17,"column":0},"end":{"line":17,"column":19}},"17":{"start":{"line":18,"column":0},"end":{"line":18,"column":24}},"18":{"start":{"line":19,"column":0},"end":{"line":19,"column":24}},"19":{"start":{"line":20,"column":0},"end":{"line":20,"column":34}},"20":{"start":{"line":21,"column":0},"end":{"line":21,"column":34}},"21":{"start":{"line":22,"column":0},"end":{"line":22,"column":34}},"22":{"start":{"line":23,"column":0},"end":{"line":23,"column":33}},"23":{"start":{"line":24,"column":0},"end":{"line":24,"column":9}},"24":{"start":{"line":25,"column":0},"end":{"line":25,"column":5}},"25":{"start":{"line":26,"column":0},"end":{"line":26,"column":28}},"28":{"start":{"line":29,"column":0},"end":{"line":29,"column":50}},"30":{"start":{"line":31,"column":0},"end":{"line":31,"column":44}},"31":{"start":{"line":32,"column":0},"end":{"line":32,"column":36}},"32":{"start":{"line":33,"column":0},"end":{"line":33,"column":4}},"34":{"start":{"line":35,"column":0},"end":{"line":35,"column":40}},"35":{"start":{"line":36,"column":0},"end":{"line":36,"column":25}},"36":{"start":{"line":37,"column":0},"end":{"line":37,"column":58}},"37":{"start":{"line":38,"column":0},"end":{"line":38,"column":29}},"38":{"start":{"line":39,"column":0},"end":{"line":39,"column":57}},"39":{"start":{"line":40,"column":0},"end":{"line":40,"column":5}},"40":{"start":{"line":41,"column":0},"end":{"line":41,"column":4}},"42":{"start":{"line":43,"column":0},"end":{"line":43,"column":39}},"43":{"start":{"line":44,"column":0},"end":{"line":44,"column":26}},"44":{"start":{"line":45,"column":0},"end":{"line":45,"column":83}},"45":{"start":{"line":46,"column":0},"end":{"line":46,"column":44}},"46":{"start":{"line":47,"column":0},"end":{"line":47,"column":72}},"47":{"start":{"line":48,"column":0},"end":{"line":48,"column":4}},"49":{"start":{"line":50,"column":0},"end":{"line":50,"column":56}},"50":{"start":{"line":51,"column":0},"end":{"line":51,"column":58}},"51":{"start":{"line":52,"column":0},"end":{"line":52,"column":4}},"53":{"start":{"line":54,"column":0},"end":{"line":54,"column":10}},"54":{"start":{"line":55,"column":0},"end":{"line":55,"column":44}},"55":{"start":{"line":56,"column":0},"end":{"line":56,"column":61}},"56":{"start":{"line":57,"column":0},"end":{"line":57,"column":44}},"57":{"start":{"line":58,"column":0},"end":{"line":58,"column":119}},"58":{"start":{"line":59,"column":0},"end":{"line":59,"column":31}},"59":{"start":{"line":60,"column":0},"end":{"line":60,"column":18}},"60":{"start":{"line":61,"column":0},"end":{"line":61,"column":36}},"61":{"start":{"line":62,"column":0},"end":{"line":62,"column":18}},"62":{"start":{"line":63,"column":0},"end":{"line":63,"column":25}},"63":{"start":{"line":64,"column":0},"end":{"line":64,"column":24}},"64":{"start":{"line":65,"column":0},"end":{"line":65,"column":40}},"65":{"start":{"line":66,"column":0},"end":{"line":66,"column":65}},"66":{"start":{"line":67,"column":0},"end":{"line":67,"column":46}},"67":{"start":{"line":68,"column":0},"end":{"line":68,"column":44}},"68":{"start":{"line":69,"column":0},"end":{"line":69,"column":42}},"69":{"start":{"line":70,"column":0},"end":{"line":70,"column":401}},"70":{"start":{"line":71,"column":0},"end":{"line":71,"column":14}},"71":{"start":{"line":72,"column":0},"end":{"line":72,"column":99}},"72":{"start":{"line":73,"column":0},"end":{"line":73,"column":137}},"73":{"start":{"line":74,"column":0},"end":{"line":74,"column":18}},"74":{"start":{"line":75,"column":0},"end":{"line":75,"column":16}},"75":{"start":{"line":76,"column":0},"end":{"line":76,"column":14}},"76":{"start":{"line":77,"column":0},"end":{"line":77,"column":9}},"77":{"start":{"line":78,"column":0},"end":{"line":78,"column":10}},"79":{"start":{"line":80,"column":0},"end":{"line":80,"column":2}},"81":{"start":{"line":82,"column":0},"end":{"line":82,"column":26}}},"s":{"0":0,"7":0,"8":0,"9":0,"10":0,"11":0,"12":0,"13":0,"14":0,"16":0,"17":0,"18":0,"19":0,"20":0,"21":0,"22":0,"23":0,"24":0,"25":0,"28":0,"30":0,"31":0,"32":0,"34":0,"35":0,"36":0,"37":0,"38":0,"39":0,"40":0,"42":0,"43":0,"44":0,"45":0,"46":0,"47":0,"49":0,"50":0,"51":0,"53":0,"54":0,"55":0,"56":0,"57":0,"58":0,"59":0,"60":0,"61":0,"62":0,"63":0,"64":0,"65":0,"66":0,"67":0,"68":0,"69":0,"70":0,"71":0,"72":0,"73":0,"74":0,"75":0,"76":0,"77":0,"79":0,"81":0},"branchMap":{"0":{"type":"branch","line":1,"loc":{"start":{"line":1,"column":3201},"end":{"line":82,"column":26}},"locations":[{"start":{"line":1,"column":3201},"end":{"line":82,"column":26}}]}},"b":{"0":[0]},"fnMap":{"0":{"name":"(empty-report)","decl":{"start":{"line":1,"column":3201},"end":{"line":82,"column":26}},"loc":{"start":{"line":1,"column":3201},"end":{"line":82,"column":26}},"line":1}},"f":{"0":0}}
,"D:\\code\\torn-gym-analyzer\\backup\\ToggleSwitch.tsx": {"path":"D:\\code\\torn-gym-analyzer\\backup\\ToggleSwitch.tsx","all":true,"statementMap":{"8":{"start":{"line":9,"column":0},"end":{"line":9,"column":73}},"9":{"start":{"line":10,"column":0},"end":{"line":10,"column":260}},"10":{"start":{"line":11,"column":0},"end":{"line":11,"column":118}},"11":{"start":{"line":12,"column":0},"end":{"line":12,"column":11}},"12":{"start":{"line":13,"column":0},"end":{"line":13,"column":19}},"13":{"start":{"line":14,"column":0},"end":{"line":14,"column":235}},"14":{"start":{"line":15,"column":0},"end":{"line":15,"column":64}},"15":{"start":{"line":16,"column":0},"end":{"line":16,"column":9}},"16":{"start":{"line":17,"column":0},"end":{"line":17,"column":23}},"17":{"start":{"line":18,"column":0},"end":{"line":18,"column":28}},"18":{"start":{"line":19,"column":0},"end":{"line":19,"column":27}},"19":{"start":{"line":20,"column":0},"end":{"line":20,"column":8}},"21":{"start":{"line":22,"column":0},"end":{"line":22,"column":11}},"22":{"start":{"line":23,"column":0},"end":{"line":23,"column":145}},"23":{"start":{"line":24,"column":0},"end":{"line":24,"column":53}},"24":{"start":{"line":25,"column":0},"end":{"line":25,"column":11}},"25":{"start":{"line":26,"column":0},"end":{"line":26,"column":8}},"26":{"start":{"line":27,"column":0},"end":{"line":27,"column":13}},"27":{"start":{"line":28,"column":0},"end":{"line":28,"column":8}},"30":{"start":{"line":31,"column":0},"end":{"line":31,"column":28}}},"s":{"8":0,"9":0,"10":0,"11":0,"12":0,"13":0,"14":0,"15":0,"16":0,"17":0,"18":0,"19":0,"21":0,"22":0,"23":0,"24":0,"25":0,"26":0,"27":0,"30":0},"branchMap":{"0":{"type":"branch","line":1,"loc":{"start":{"line":1,"column":1333},"end":{"line":31,"column":28}},"locations":[{"start":{"line":1,"column":1333},"end":{"line":31,"column":28}}]}},"b":{"0":[1]},"fnMap":{"0":{"name":"(empty-report)","decl":{"start":{"line":1,"column":1333},"end":{"line":31,"column":28}},"loc":{"start":{"line":1,"column":1333},"end":{"line":31,"column":28}},"line":1}},"f":{"0":1}}
,"D:\\code\\torn-gym-analyzer\\backup\\app-original.tsx": {"path":"D:\\code\\torn-gym-analyzer\\backup\\app-original.tsx","all":true,"statementMap":{"0":{"start":{"line":1,"column":0},"end":{"line":1,"column":51}},"1":{"start":{"line":2,"column":0},"end":{"line":2,"column":35}},"2":{"start":{"line":3,"column":0},"end":{"line":3,"column":97}},"11":{"start":{"line":12,"column":0},"end":{"line":12,"column":31}},"13":{"start":{"line":14,"column":0},"end":{"line":14,"column":63}},"14":{"start":{"line":15,"column":0},"end":{"line":15,"column":9}},"15":{"start":{"line":16,"column":0},"end":{"line":16,"column":46}},"16":{"start":{"line":17,"column":0},"end":{"line":17,"column":54}},"17":{"start":{"line":18,"column":0},"end":{"line":18,"column":13}},"18":{"start":{"line":19,"column":0},"end":{"line":19,"column":26}},"19":{"start":{"line":20,"column":0},"end":{"line":20,"column":5}},"20":{"start":{"line":21,"column":0},"end":{"line":21,"column":4}},"22":{"start":{"line":23,"column":0},"end":{"line":23,"column":113}},"23":{"start":{"line":24,"column":0},"end":{"line":24,"column":80}},"24":{"start":{"line":25,"column":0},"end":{"line":25,"column":83}},"25":{"start":{"line":26,"column":0},"end":{"line":26,"column":109}},"26":{"start":{"line":27,"column":0},"end":{"line":27,"column":52}},"27":{"start":{"line":28,"column":0},"end":{"line":28,"column":105}},"28":{"start":{"line":29,"column":0},"end":{"line":29,"column":111}},"31":{"start":{"line":32,"column":0},"end":{"line":32,"column":110}},"32":{"start":{"line":33,"column":0},"end":{"line":33,"column":12}},"33":{"start":{"line":34,"column":0},"end":{"line":34,"column":12}},"34":{"start":{"line":35,"column":0},"end":{"line":35,"column":12}},"35":{"start":{"line":36,"column":0},"end":{"line":36,"column":11}},"36":{"start":{"line":37,"column":0},"end":{"line":37,"column":6}},"39":{"start":{"line":40,"column":0},"end":{"line":40,"column":104}},"40":{"start":{"line":41,"column":0},"end":{"line":41,"column":128}},"41":{"start":{"line":42,"column":0},"end":{"line":42,"column":113}},"42":{"start":{"line":43,"column":0},"end":{"line":43,"column":89}},"43":{"start":{"line":44,"column":0},"end":{"line":44,"column":92}},"46":{"start":{"line":47,"column":0},"end":{"line":47,"column":104}},"47":{"start":{"line":48,"column":0},"end":{"line":48,"column":11}},"48":{"start":{"line":49,"column":0},"end":{"line":49,"column":11}},"49":{"start":{"line":50,"column":0},"end":{"line":50,"column":11}},"50":{"start":{"line":51,"column":0},"end":{"line":51,"column":10}},"51":{"start":{"line":52,"column":0},"end":{"line":52,"column":6}},"53":{"start":{"line":54,"column":0},"end":{"line":54,"column":72}},"54":{"start":{"line":55,"column":0},"end":{"line":55,"column":56}},"55":{"start":{"line":56,"column":0},"end":{"line":56,"column":59}},"58":{"start":{"line":59,"column":0},"end":{"line":59,"column":58}},"60":{"start":{"line":61,"column":0},"end":{"line":61,"column":19}},"61":{"start":{"line":62,"column":0},"end":{"line":62,"column":35}},"62":{"start":{"line":63,"column":0},"end":{"line":63,"column":38}},"63":{"start":{"line":64,"column":0},"end":{"line":64,"column":24}},"64":{"start":{"line":65,"column":0},"end":{"line":65,"column":32}},"65":{"start":{"line":66,"column":0},"end":{"line":66,"column":31}},"66":{"start":{"line":67,"column":0},"end":{"line":67,"column":32}},"67":{"start":{"line":68,"column":0},"end":{"line":68,"column":14}},"68":{"start":{"line":69,"column":0},"end":{"line":69,"column":33}},"69":{"start":{"line":70,"column":0},"end":{"line":70,"column":7}},"70":{"start":{"line":71,"column":0},"end":{"line":71,"column":6}},"72":{"start":{"line":73,"column":0},"end":{"line":73,"column":22}},"73":{"start":{"line":74,"column":0},"end":{"line":74,"column":55}},"74":{"start":{"line":75,"column":0},"end":{"line":75,"column":71}},"75":{"start":{"line":76,"column":0},"end":{"line":76,"column":9}},"78":{"start":{"line":79,"column":0},"end":{"line":79,"column":19}},"79":{"start":{"line":80,"column":0},"end":{"line":80,"column":65}},"80":{"start":{"line":81,"column":0},"end":{"line":81,"column":14}},"82":{"start":{"line":83,"column":0},"end":{"line":83,"column":19}},"83":{"start":{"line":84,"column":0},"end":{"line":84,"column":65}},"84":{"start":{"line":85,"column":0},"end":{"line":85,"column":14}},"86":{"start":{"line":87,"column":0},"end":{"line":87,"column":19}},"87":{"start":{"line":88,"column":0},"end":{"line":88,"column":67}},"88":{"start":{"line":89,"column":0},"end":{"line":89,"column":15}},"90":{"start":{"line":91,"column":0},"end":{"line":91,"column":19}},"91":{"start":{"line":92,"column":0},"end":{"line":92,"column":77}},"92":{"start":{"line":93,"column":0},"end":{"line":93,"column":20}},"94":{"start":{"line":95,"column":0},"end":{"line":95,"column":19}},"95":{"start":{"line":96,"column":0},"end":{"line":96,"column":79}},"96":{"start":{"line":97,"column":0},"end":{"line":97,"column":21}},"98":{"start":{"line":99,"column":0},"end":{"line":99,"column":19}},"99":{"start":{"line":100,"column":0},"end":{"line":100,"column":71}},"100":{"start":{"line":101,"column":0},"end":{"line":101,"column":17}},"102":{"start":{"line":103,"column":0},"end":{"line":103,"column":19}},"103":{"start":{"line":104,"column":0},"end":{"line":104,"column":87}},"104":{"start":{"line":105,"column":0},"end":{"line":105,"column":25}},"106":{"start":{"line":107,"column":0},"end":{"line":107,"column":19}},"107":{"start":{"line":108,"column":0},"end":{"line":108,"column":81}},"108":{"start":{"line":109,"column":0},"end":{"line":109,"column":22}},"110":{"start":{"line":111,"column":0},"end":{"line":111,"column":19}},"111":{"start":{"line":112,"column":0},"end":{"line":112,"column":97}},"112":{"start":{"line":113,"column":0},"end":{"line":113,"column":30}},"114":{"start":{"line":115,"column":0},"end":{"line":115,"column":19}},"115":{"start":{"line":116,"column":0},"end":{"line":116,"column":87}},"116":{"start":{"line":117,"column":0},"end":{"line":117,"column":25}},"118":{"start":{"line":119,"column":0},"end":{"line":119,"column":19}},"119":{"start":{"line":120,"column":0},"end":{"line":120,"column":71}},"120":{"start":{"line":121,"column":0},"end":{"line":121,"column":17}},"122":{"start":{"line":123,"column":0},"end":{"line":123,"column":19}},"123":{"start":{"line":124,"column":0},"end":{"line":124,"column":73}},"124":{"start":{"line":125,"column":0},"end":{"line":125,"column":18}},"126":{"start":{"line":127,"column":0},"end":{"line":127,"column":19}},"127":{"start":{"line":128,"column":0},"end":{"line":128,"column":83}},"128":{"start":{"line":129,"column":0},"end":{"line":129,"column":23}},"131":{"start":{"line":132,"column":0},"end":{"line":132,"column":50}},"132":{"start":{"line":133,"column":0},"end":{"line":133,"column":178}},"134":{"start":{"line":135,"column":0},"end":{"line":135,"column":12}},"135":{"start":{"line":136,"column":0},"end":{"line":136,"column":30}},"136":{"start":{"line":137,"column":0},"end":{"line":137,"column":24}},"137":{"start":{"line":138,"column":0},"end":{"line":138,"column":24}},"138":{"start":{"line":139,"column":0},"end":{"line":139,"column":24}},"139":{"start":{"line":140,"column":0},"end":{"line":140,"column":23}},"140":{"start":{"line":141,"column":0},"end":{"line":141,"column":8}},"141":{"start":{"line":142,"column":0},"end":{"line":142,"column":31}},"142":{"start":{"line":143,"column":0},"end":{"line":143,"column":6}},"143":{"start":{"line":144,"column":0},"end":{"line":144,"column":4}},"145":{"start":{"line":146,"column":0},"end":{"line":146,"column":68}},"146":{"start":{"line":147,"column":0},"end":{"line":147,"column":94}},"147":{"start":{"line":148,"column":0},"end":{"line":148,"column":27}},"148":{"start":{"line":149,"column":0},"end":{"line":149,"column":67}},"149":{"start":{"line":150,"column":0},"end":{"line":150,"column":67}},"150":{"start":{"line":151,"column":0},"end":{"line":151,"column":67}},"151":{"start":{"line":152,"column":0},"end":{"line":152,"column":66}},"152":{"start":{"line":153,"column":0},"end":{"line":153,"column":6}},"154":{"start":{"line":155,"column":0},"end":{"line":155,"column":45}},"155":{"start":{"line":156,"column":0},"end":{"line":156,"column":27}},"156":{"start":{"line":157,"column":0},"end":{"line":157,"column":53}},"157":{"start":{"line":158,"column":0},"end":{"line":158,"column":53}},"158":{"start":{"line":159,"column":0},"end":{"line":159,"column":53}},"159":{"start":{"line":160,"column":0},"end":{"line":160,"column":52}},"160":{"start":{"line":161,"column":0},"end":{"line":161,"column":6}},"162":{"start":{"line":163,"column":0},"end":{"line":163,"column":60}},"163":{"start":{"line":164,"column":0},"end":{"line":164,"column":38}},"165":{"start":{"line":166,"column":0},"end":{"line":166,"column":62}},"166":{"start":{"line":167,"column":0},"end":{"line":167,"column":35}},"167":{"start":{"line":168,"column":0},"end":{"line":168,"column":27}},"168":{"start":{"line":169,"column":0},"end":{"line":169,"column":49}},"169":{"start":{"line":170,"column":0},"end":{"line":170,"column":23}},"170":{"start":{"line":171,"column":0},"end":{"line":171,"column":18}},"171":{"start":{"line":172,"column":0},"end":{"line":172,"column":21}},"172":{"start":{"line":173,"column":0},"end":{"line":173,"column":31}},"173":{"start":{"line":174,"column":0},"end":{"line":174,"column":16}},"174":{"start":{"line":175,"column":0},"end":{"line":175,"column":17}},"175":{"start":{"line":176,"column":0},"end":{"line":176,"column":12}},"176":{"start":{"line":177,"column":0},"end":{"line":177,"column":47}},"177":{"start":{"line":178,"column":0},"end":{"line":178,"column":16}},"178":{"start":{"line":179,"column":0},"end":{"line":179,"column":76}},"179":{"start":{"line":180,"column":0},"end":{"line":180,"column":56}},"180":{"start":{"line":181,"column":0},"end":{"line":181,"column":9}},"181":{"start":{"line":182,"column":0},"end":{"line":182,"column":7}},"182":{"start":{"line":183,"column":0},"end":{"line":183,"column":7}},"184":{"start":{"line":185,"column":0},"end":{"line":185,"column":12}},"185":{"start":{"line":186,"column":0},"end":{"line":186,"column":20}},"186":{"start":{"line":187,"column":0},"end":{"line":187,"column":20}},"187":{"start":{"line":188,"column":0},"end":{"line":188,"column":19}},"188":{"start":{"line":189,"column":0},"end":{"line":189,"column":90}},"189":{"start":{"line":190,"column":0},"end":{"line":190,"column":6}},"190":{"start":{"line":191,"column":0},"end":{"line":191,"column":4}},"192":{"start":{"line":193,"column":0},"end":{"line":193,"column":31}},"193":{"start":{"line":194,"column":0},"end":{"line":194,"column":38}},"195":{"start":{"line":196,"column":0},"end":{"line":196,"column":46}},"196":{"start":{"line":197,"column":0},"end":{"line":197,"column":47}},"197":{"start":{"line":198,"column":0},"end":{"line":198,"column":52}},"198":{"start":{"line":199,"column":0},"end":{"line":199,"column":57}},"200":{"start":{"line":201,"column":0},"end":{"line":201,"column":32}},"202":{"start":{"line":203,"column":0},"end":{"line":203,"column":64}},"203":{"start":{"line":204,"column":0},"end":{"line":204,"column":60}},"204":{"start":{"line":205,"column":0},"end":{"line":205,"column":60}},"206":{"start":{"line":207,"column":0},"end":{"line":207,"column":39}},"207":{"start":{"line":208,"column":0},"end":{"line":208,"column":33}},"209":{"start":{"line":210,"column":0},"end":{"line":210,"column":29}},"210":{"start":{"line":211,"column":0},"end":{"line":211,"column":51}},"211":{"start":{"line":212,"column":0},"end":{"line":212,"column":25}},"212":{"start":{"line":213,"column":0},"end":{"line":213,"column":20}},"213":{"start":{"line":214,"column":0},"end":{"line":214,"column":23}},"214":{"start":{"line":215,"column":0},"end":{"line":215,"column":21}},"215":{"start":{"line":216,"column":0},"end":{"line":216,"column":18}},"216":{"start":{"line":217,"column":0},"end":{"line":217,"column":19}},"217":{"start":{"line":218,"column":0},"end":{"line":218,"column":14}},"218":{"start":{"line":219,"column":0},"end":{"line":219,"column":46}},"219":{"start":{"line":220,"column":0},"end":{"line":220,"column":18}},"220":{"start":{"line":221,"column":0},"end":{"line":221,"column":78}},"221":{"start":{"line":222,"column":0},"end":{"line":222,"column":43}},"222":{"start":{"line":223,"column":0},"end":{"line":223,"column":11}},"224":{"start":{"line":225,"column":0},"end":{"line":225,"column":40}},"225":{"start":{"line":226,"column":0},"end":{"line":226,"column":74}},"226":{"start":{"line":227,"column":0},"end":{"line":227,"column":9}},"227":{"start":{"line":228,"column":0},"end":{"line":228,"column":9}},"229":{"start":{"line":230,"column":0},"end":{"line":230,"column":38}},"230":{"start":{"line":231,"column":0},"end":{"line":231,"column":48}},"231":{"start":{"line":232,"column":0},"end":{"line":232,"column":7}},"233":{"start":{"line":234,"column":0},"end":{"line":234,"column":31}},"235":{"start":{"line":236,"column":0},"end":{"line":236,"column":67}},"236":{"start":{"line":237,"column":0},"end":{"line":237,"column":26}},"237":{"start":{"line":238,"column":0},"end":{"line":238,"column":92}},"238":{"start":{"line":239,"column":0},"end":{"line":239,"column":45}},"239":{"start":{"line":240,"column":0},"end":{"line":240,"column":5}},"241":{"start":{"line":242,"column":0},"end":{"line":242,"column":25}},"242":{"start":{"line":243,"column":0},"end":{"line":243,"column":56}},"243":{"start":{"line":244,"column":0},"end":{"line":244,"column":4}},"245":{"start":{"line":246,"column":0},"end":{"line":246,"column":34}},"246":{"start":{"line":247,"column":0},"end":{"line":247,"column":78}},"247":{"start":{"line":248,"column":0},"end":{"line":248,"column":48}},"248":{"start":{"line":249,"column":0},"end":{"line":249,"column":41}},"249":{"start":{"line":250,"column":0},"end":{"line":250,"column":39}},"250":{"start":{"line":251,"column":0},"end":{"line":251,"column":9}},"251":{"start":{"line":252,"column":0},"end":{"line":252,"column":9}},"252":{"start":{"line":253,"column":0},"end":{"line":253,"column":51}},"253":{"start":{"line":254,"column":0},"end":{"line":254,"column":18}},"254":{"start":{"line":255,"column":0},"end":{"line":255,"column":19}},"255":{"start":{"line":256,"column":0},"end":{"line":256,"column":35}},"256":{"start":{"line":257,"column":0},"end":{"line":257,"column":29}},"257":{"start":{"line":258,"column":0},"end":{"line":258,"column":24}},"258":{"start":{"line":259,"column":0},"end":{"line":259,"column":66}},"259":{"start":{"line":260,"column":0},"end":{"line":260,"column":26}},"260":{"start":{"line":261,"column":0},"end":{"line":261,"column":34}},"261":{"start":{"line":262,"column":0},"end":{"line":262,"column":29}},"262":{"start":{"line":263,"column":0},"end":{"line":263,"column":21}},"263":{"start":{"line":264,"column":0},"end":{"line":264,"column":22}},"264":{"start":{"line":265,"column":0},"end":{"line":265,"column":60}},"265":{"start":{"line":266,"column":0},"end":{"line":266,"column":21}},"266":{"start":{"line":267,"column":0},"end":{"line":267,"column":33}},"267":{"start":{"line":268,"column":0},"end":{"line":268,"column":28}},"268":{"start":{"line":269,"column":0},"end":{"line":269,"column":5}},"269":{"start":{"line":270,"column":0},"end":{"line":270,"column":4}},"272":{"start":{"line":273,"column":0},"end":{"line":273,"column":57}},"273":{"start":{"line":274,"column":0},"end":{"line":274,"column":9}},"274":{"start":{"line":275,"column":0},"end":{"line":275,"column":35}},"275":{"start":{"line":276,"column":0},"end":{"line":276,"column":13}},"276":{"start":{"line":277,"column":0},"end":{"line":277,"column":36}},"277":{"start":{"line":278,"column":0},"end":{"line":278,"column":5}},"278":{"start":{"line":279,"column":0},"end":{"line":279,"column":4}},"281":{"start":{"line":282,"column":0},"end":{"line":282,"column":35}},"282":{"start":{"line":283,"column":0},"end":{"line":283,"column":57}},"283":{"start":{"line":284,"column":0},"end":{"line":284,"column":57}},"284":{"start":{"line":285,"column":0},"end":{"line":285,"column":29}},"285":{"start":{"line":286,"column":0},"end":{"line":286,"column":4}},"287":{"start":{"line":288,"column":0},"end":{"line":288,"column":36}},"288":{"start":{"line":289,"column":0},"end":{"line":289,"column":57}},"289":{"start":{"line":290,"column":0},"end":{"line":290,"column":28}},"290":{"start":{"line":291,"column":0},"end":{"line":291,"column":4}},"292":{"start":{"line":293,"column":0},"end":{"line":293,"column":37}},"293":{"start":{"line":294,"column":0},"end":{"line":294,"column":57}},"294":{"start":{"line":295,"column":0},"end":{"line":295,"column":57}},"295":{"start":{"line":296,"column":0},"end":{"line":296,"column":28}},"296":{"start":{"line":297,"column":0},"end":{"line":297,"column":4}},"298":{"start":{"line":299,"column":0},"end":{"line":299,"column":40}},"299":{"start":{"line":300,"column":0},"end":{"line":300,"column":57}},"300":{"start":{"line":301,"column":0},"end":{"line":301,"column":28}},"301":{"start":{"line":302,"column":0},"end":{"line":302,"column":4}},"303":{"start":{"line":304,"column":0},"end":{"line":304,"column":142}},"304":{"start":{"line":305,"column":0},"end":{"line":305,"column":17}},"305":{"start":{"line":306,"column":0},"end":{"line":306,"column":33}},"306":{"start":{"line":307,"column":0},"end":{"line":307,"column":34}},"307":{"start":{"line":308,"column":0},"end":{"line":308,"column":22}},"308":{"start":{"line":309,"column":0},"end":{"line":309,"column":20}},"309":{"start":{"line":310,"column":0},"end":{"line":310,"column":25}},"310":{"start":{"line":311,"column":0},"end":{"line":311,"column":7}},"311":{"start":{"line":312,"column":0},"end":{"line":312,"column":92}},"312":{"start":{"line":313,"column":0},"end":{"line":313,"column":55}},"313":{"start":{"line":314,"column":0},"end":{"line":314,"column":40}},"314":{"start":{"line":315,"column":0},"end":{"line":315,"column":40}},"315":{"start":{"line":316,"column":0},"end":{"line":316,"column":36}},"316":{"start":{"line":317,"column":0},"end":{"line":317,"column":41}},"317":{"start":{"line":318,"column":0},"end":{"line":318,"column":15}},"318":{"start":{"line":319,"column":0},"end":{"line":319,"column":13}},"319":{"start":{"line":320,"column":0},"end":{"line":320,"column":76}},"320":{"start":{"line":321,"column":0},"end":{"line":321,"column":33}},"321":{"start":{"line":322,"column":0},"end":{"line":322,"column":16}},"322":{"start":{"line":323,"column":0},"end":{"line":323,"column":78}},"323":{"start":{"line":324,"column":0},"end":{"line":324,"column":36}},"324":{"start":{"line":325,"column":0},"end":{"line":325,"column":16}},"325":{"start":{"line":326,"column":0},"end":{"line":326,"column":14}},"326":{"start":{"line":327,"column":0},"end":{"line":327,"column":12}},"328":{"start":{"line":329,"column":0},"end":{"line":329,"column":77}},"330":{"start":{"line":331,"column":0},"end":{"line":331,"column":12}},"332":{"start":{"line":333,"column":0},"end":{"line":333,"column":12}},"333":{"start":{"line":334,"column":0},"end":{"line":334,"column":19}},"334":{"start":{"line":335,"column":0},"end":{"line":335,"column":27}},"335":{"start":{"line":336,"column":0},"end":{"line":336,"column":26}},"336":{"start":{"line":337,"column":0},"end":{"line":337,"column":62}},"337":{"start":{"line":338,"column":0},"end":{"line":338,"column":46}},"338":{"start":{"line":339,"column":0},"end":{"line":339,"column":10}},"339":{"start":{"line":340,"column":0},"end":{"line":340,"column":25}},"340":{"start":{"line":341,"column":0},"end":{"line":341,"column":39}},"341":{"start":{"line":342,"column":0},"end":{"line":342,"column":32}},"342":{"start":{"line":343,"column":0},"end":{"line":343,"column":11}},"343":{"start":{"line":344,"column":0},"end":{"line":344,"column":10}},"344":{"start":{"line":345,"column":0},"end":{"line":345,"column":24}},"345":{"start":{"line":346,"column":0},"end":{"line":346,"column":38}},"346":{"start":{"line":347,"column":0},"end":{"line":347,"column":33}},"347":{"start":{"line":348,"column":0},"end":{"line":348,"column":11}},"348":{"start":{"line":349,"column":0},"end":{"line":349,"column":10}},"349":{"start":{"line":350,"column":0},"end":{"line":350,"column":16}},"350":{"start":{"line":351,"column":0},"end":{"line":351,"column":24}},"351":{"start":{"line":352,"column":0},"end":{"line":352,"column":37}},"352":{"start":{"line":353,"column":0},"end":{"line":353,"column":38}},"353":{"start":{"line":354,"column":0},"end":{"line":354,"column":25}},"354":{"start":{"line":355,"column":0},"end":{"line":355,"column":29}},"355":{"start":{"line":356,"column":0},"end":{"line":356,"column":26}},"356":{"start":{"line":357,"column":0},"end":{"line":357,"column":10}},"357":{"start":{"line":358,"column":0},"end":{"line":358,"column":36}},"358":{"start":{"line":359,"column":0},"end":{"line":359,"column":8}},"359":{"start":{"line":360,"column":0},"end":{"line":360,"column":10}},"362":{"start":{"line":363,"column":0},"end":{"line":363,"column":118}},"363":{"start":{"line":364,"column":0},"end":{"line":364,"column":57}},"364":{"start":{"line":365,"column":0},"end":{"line":365,"column":54}},"367":{"start":{"line":368,"column":0},"end":{"line":368,"column":46}},"368":{"start":{"line":369,"column":0},"end":{"line":369,"column":68}},"369":{"start":{"line":370,"column":0},"end":{"line":370,"column":30}},"370":{"start":{"line":371,"column":0},"end":{"line":371,"column":57}},"371":{"start":{"line":372,"column":0},"end":{"line":372,"column":38}},"372":{"start":{"line":373,"column":0},"end":{"line":373,"column":54}},"373":{"start":{"line":374,"column":0},"end":{"line":374,"column":7}},"374":{"start":{"line":375,"column":0},"end":{"line":375,"column":48}},"375":{"start":{"line":376,"column":0},"end":{"line":376,"column":6}},"378":{"start":{"line":379,"column":0},"end":{"line":379,"column":67}},"379":{"start":{"line":380,"column":0},"end":{"line":380,"column":63}},"381":{"start":{"line":382,"column":0},"end":{"line":382,"column":12}},"382":{"start":{"line":383,"column":0},"end":{"line":383,"column":69}},"383":{"start":{"line":384,"column":0},"end":{"line":384,"column":15}},"384":{"start":{"line":385,"column":0},"end":{"line":385,"column":27}},"385":{"start":{"line":386,"column":0},"end":{"line":386,"column":49}},"386":{"start":{"line":387,"column":0},"end":{"line":387,"column":50}},"387":{"start":{"line":388,"column":0},"end":{"line":388,"column":18}},"388":{"start":{"line":389,"column":0},"end":{"line":389,"column":26}},"389":{"start":{"line":390,"column":0},"end":{"line":390,"column":33}},"390":{"start":{"line":391,"column":0},"end":{"line":391,"column":62}},"391":{"start":{"line":392,"column":0},"end":{"line":392,"column":73}},"392":{"start":{"line":393,"column":0},"end":{"line":393,"column":30}},"393":{"start":{"line":394,"column":0},"end":{"line":394,"column":31}},"394":{"start":{"line":395,"column":0},"end":{"line":395,"column":27}},"395":{"start":{"line":396,"column":0},"end":{"line":396,"column":33}},"396":{"start":{"line":397,"column":0},"end":{"line":397,"column":28}},"397":{"start":{"line":398,"column":0},"end":{"line":398,"column":33}},"398":{"start":{"line":399,"column":0},"end":{"line":399,"column":37}},"399":{"start":{"line":400,"column":0},"end":{"line":400,"column":40}},"400":{"start":{"line":401,"column":0},"end":{"line":401,"column":31}},"401":{"start":{"line":402,"column":0},"end":{"line":402,"column":12}},"403":{"start":{"line":404,"column":0},"end":{"line":404,"column":23}},"404":{"start":{"line":405,"column":0},"end":{"line":405,"column":65}},"405":{"start":{"line":406,"column":0},"end":{"line":406,"column":31}},"406":{"start":{"line":407,"column":0},"end":{"line":407,"column":31}},"407":{"start":{"line":408,"column":0},"end":{"line":408,"column":13}},"408":{"start":{"line":409,"column":0},"end":{"line":409,"column":37}},"409":{"start":{"line":410,"column":0},"end":{"line":410,"column":16}},"410":{"start":{"line":411,"column":0},"end":{"line":411,"column":23}},"411":{"start":{"line":412,"column":0},"end":{"line":412,"column":33}},"412":{"start":{"line":413,"column":0},"end":{"line":413,"column":26}},"413":{"start":{"line":414,"column":0},"end":{"line":414,"column":25}},"414":{"start":{"line":415,"column":0},"end":{"line":415,"column":28}},"415":{"start":{"line":416,"column":0},"end":{"line":416,"column":29}},"416":{"start":{"line":417,"column":0},"end":{"line":417,"column":47}},"417":{"start":{"line":418,"column":0},"end":{"line":418,"column":31}},"418":{"start":{"line":419,"column":0},"end":{"line":419,"column":31}},"419":{"start":{"line":420,"column":0},"end":{"line":420,"column":13}},"420":{"start":{"line":421,"column":0},"end":{"line":421,"column":25}},"421":{"start":{"line":422,"column":0},"end":{"line":422,"column":16}},"422":{"start":{"line":423,"column":0},"end":{"line":423,"column":24}},"423":{"start":{"line":424,"column":0},"end":{"line":424,"column":25}},"424":{"start":{"line":425,"column":0},"end":{"line":425,"column":35}},"425":{"start":{"line":426,"column":0},"end":{"line":426,"column":25}},"426":{"start":{"line":427,"column":0},"end":{"line":427,"column":26}},"427":{"start":{"line":428,"column":0},"end":{"line":428,"column":31}},"428":{"start":{"line":429,"column":0},"end":{"line":429,"column":31}},"429":{"start":{"line":430,"column":0},"end":{"line":430,"column":32}},"430":{"start":{"line":431,"column":0},"end":{"line":431,"column":15}},"432":{"start":{"line":433,"column":0},"end":{"line":433,"column":18}},"434":{"start":{"line":435,"column":0},"end":{"line":435,"column":17}},"435":{"start":{"line":436,"column":0},"end":{"line":436,"column":50}},"436":{"start":{"line":437,"column":0},"end":{"line":437,"column":23}},"437":{"start":{"line":438,"column":0},"end":{"line":438,"column":33}},"438":{"start":{"line":439,"column":0},"end":{"line":439,"column":27}},"439":{"start":{"line":440,"column":0},"end":{"line":440,"column":24}},"440":{"start":{"line":441,"column":0},"end":{"line":441,"column":42}},"441":{"start":{"line":442,"column":0},"end":{"line":442,"column":51}},"442":{"start":{"line":443,"column":0},"end":{"line":443,"column":27}},"443":{"start":{"line":444,"column":0},"end":{"line":444,"column":32}},"444":{"start":{"line":445,"column":0},"end":{"line":445,"column":32}},"445":{"start":{"line":446,"column":0},"end":{"line":446,"column":29}},"446":{"start":{"line":447,"column":0},"end":{"line":447,"column":33}},"447":{"start":{"line":448,"column":0},"end":{"line":448,"column":25}},"448":{"start":{"line":449,"column":0},"end":{"line":449,"column":40}},"449":{"start":{"line":450,"column":0},"end":{"line":450,"column":50}},"450":{"start":{"line":451,"column":0},"end":{"line":451,"column":13}},"451":{"start":{"line":452,"column":0},"end":{"line":452,"column":21}},"452":{"start":{"line":453,"column":0},"end":{"line":453,"column":25}},"453":{"start":{"line":454,"column":0},"end":{"line":454,"column":35}},"454":{"start":{"line":455,"column":0},"end":{"line":455,"column":29}},"455":{"start":{"line":456,"column":0},"end":{"line":456,"column":26}},"456":{"start":{"line":457,"column":0},"end":{"line":457,"column":44}},"457":{"start":{"line":458,"column":0},"end":{"line":458,"column":25}},"458":{"start":{"line":459,"column":0},"end":{"line":459,"column":26}},"459":{"start":{"line":460,"column":0},"end":{"line":460,"column":50}},"460":{"start":{"line":461,"column":0},"end":{"line":461,"column":51}},"461":{"start":{"line":462,"column":0},"end":{"line":462,"column":56}},"462":{"start":{"line":463,"column":0},"end":{"line":463,"column":21}},"463":{"start":{"line":464,"column":0},"end":{"line":464,"column":16}},"465":{"start":{"line":466,"column":0},"end":{"line":466,"column":12}},"467":{"start":{"line":468,"column":0},"end":{"line":468,"column":4}},"469":{"start":{"line":470,"column":0},"end":{"line":470,"column":77}},"471":{"start":{"line":472,"column":0},"end":{"line":472,"column":10}},"472":{"start":{"line":473,"column":0},"end":{"line":473,"column":17}},"473":{"start":{"line":474,"column":0},"end":{"line":474,"column":25}},"474":{"start":{"line":475,"column":0},"end":{"line":475,"column":33}},"475":{"start":{"line":476,"column":0},"end":{"line":476,"column":23}},"476":{"start":{"line":477,"column":0},"end":{"line":477,"column":38}},"477":{"start":{"line":478,"column":0},"end":{"line":478,"column":22}},"478":{"start":{"line":479,"column":0},"end":{"line":479,"column":30}},"479":{"start":{"line":480,"column":0},"end":{"line":480,"column":7}},"480":{"start":{"line":481,"column":0},"end":{"line":481,"column":19}},"481":{"start":{"line":482,"column":0},"end":{"line":482,"column":22}},"482":{"start":{"line":483,"column":0},"end":{"line":483,"column":26}},"483":{"start":{"line":484,"column":0},"end":{"line":484,"column":35}},"484":{"start":{"line":485,"column":0},"end":{"line":485,"column":60}},"485":{"start":{"line":486,"column":0},"end":{"line":486,"column":9}},"487":{"start":{"line":488,"column":0},"end":{"line":488,"column":19}},"488":{"start":{"line":489,"column":0},"end":{"line":489,"column":35}},"489":{"start":{"line":490,"column":0},"end":{"line":490,"column":36}},"490":{"start":{"line":491,"column":0},"end":{"line":491,"column":42}},"491":{"start":{"line":492,"column":0},"end":{"line":492,"column":28}},"492":{"start":{"line":493,"column":0},"end":{"line":493,"column":28}},"493":{"start":{"line":494,"column":0},"end":{"line":494,"column":9}},"494":{"start":{"line":495,"column":0},"end":{"line":495,"column":21}},"495":{"start":{"line":496,"column":0},"end":{"line":496,"column":27}},"496":{"start":{"line":497,"column":0},"end":{"line":497,"column":68}},"497":{"start":{"line":498,"column":0},"end":{"line":498,"column":43}},"498":{"start":{"line":499,"column":0},"end":{"line":499,"column":31}},"499":{"start":{"line":500,"column":0},"end":{"line":500,"column":54}},"500":{"start":{"line":501,"column":0},"end":{"line":501,"column":11}},"501":{"start":{"line":502,"column":0},"end":{"line":502,"column":76}},"502":{"start":{"line":503,"column":0},"end":{"line":503,"column":25}},"503":{"start":{"line":504,"column":0},"end":{"line":504,"column":29}},"504":{"start":{"line":505,"column":0},"end":{"line":505,"column":29}},"505":{"start":{"line":506,"column":0},"end":{"line":506,"column":91}},"506":{"start":{"line":507,"column":0},"end":{"line":507,"column":30}},"507":{"start":{"line":508,"column":0},"end":{"line":508,"column":35}},"508":{"start":{"line":509,"column":0},"end":{"line":509,"column":39}},"509":{"start":{"line":510,"column":0},"end":{"line":510,"column":31}},"510":{"start":{"line":511,"column":0},"end":{"line":511,"column":33}},"511":{"start":{"line":512,"column":0},"end":{"line":512,"column":31}},"512":{"start":{"line":513,"column":0},"end":{"line":513,"column":42}},"513":{"start":{"line":514,"column":0},"end":{"line":514,"column":34}},"514":{"start":{"line":515,"column":0},"end":{"line":515,"column":90}},"515":{"start":{"line":516,"column":0},"end":{"line":516,"column":35}},"516":{"start":{"line":517,"column":0},"end":{"line":517,"column":84}},"517":{"start":{"line":518,"column":0},"end":{"line":518,"column":35}},"518":{"start":{"line":519,"column":0},"end":{"line":519,"column":32}},"519":{"start":{"line":520,"column":0},"end":{"line":520,"column":15}},"520":{"start":{"line":521,"column":0},"end":{"line":521,"column":27}},"521":{"start":{"line":522,"column":0},"end":{"line":522,"column":37}},"522":{"start":{"line":523,"column":0},"end":{"line":523,"column":23}},"523":{"start":{"line":524,"column":0},"end":{"line":524,"column":24}},"524":{"start":{"line":525,"column":0},"end":{"line":525,"column":25}},"525":{"start":{"line":526,"column":0},"end":{"line":526,"column":26}},"526":{"start":{"line":527,"column":0},"end":{"line":527,"column":115}},"527":{"start":{"line":528,"column":0},"end":{"line":528,"column":37}},"528":{"start":{"line":529,"column":0},"end":{"line":529,"column":23}},"530":{"start":{"line":531,"column":0},"end":{"line":531,"column":18}},"531":{"start":{"line":532,"column":0},"end":{"line":532,"column":90}},"533":{"start":{"line":534,"column":0},"end":{"line":534,"column":17}},"534":{"start":{"line":535,"column":0},"end":{"line":535,"column":16}},"535":{"start":{"line":536,"column":0},"end":{"line":536,"column":71}},"536":{"start":{"line":537,"column":0},"end":{"line":537,"column":20}},"537":{"start":{"line":538,"column":0},"end":{"line":538,"column":56}},"538":{"start":{"line":539,"column":0},"end":{"line":539,"column":22}},"539":{"start":{"line":540,"column":0},"end":{"line":540,"column":35}},"540":{"start":{"line":541,"column":0},"end":{"line":541,"column":84}},"541":{"start":{"line":542,"column":0},"end":{"line":542,"column":44}},"542":{"start":{"line":543,"column":0},"end":{"line":543,"column":31}},"543":{"start":{"line":544,"column":0},"end":{"line":544,"column":33}},"544":{"start":{"line":545,"column":0},"end":{"line":545,"column":33}},"545":{"start":{"line":546,"column":0},"end":{"line":546,"column":16}},"546":{"start":{"line":547,"column":0},"end":{"line":547,"column":13}},"548":{"start":{"line":549,"column":0},"end":{"line":549,"column":21}},"549":{"start":{"line":550,"column":0},"end":{"line":550,"column":20}},"550":{"start":{"line":551,"column":0},"end":{"line":551,"column":53}},"551":{"start":{"line":552,"column":0},"end":{"line":552,"column":22}},"552":{"start":{"line":553,"column":0},"end":{"line":553,"column":35}},"553":{"start":{"line":554,"column":0},"end":{"line":554,"column":81}},"554":{"start":{"line":555,"column":0},"end":{"line":555,"column":44}},"555":{"start":{"line":556,"column":0},"end":{"line":556,"column":31}},"556":{"start":{"line":557,"column":0},"end":{"line":557,"column":33}},"557":{"start":{"line":558,"column":0},"end":{"line":558,"column":33}},"558":{"start":{"line":559,"column":0},"end":{"line":559,"column":16}},"559":{"start":{"line":560,"column":0},"end":{"line":560,"column":13}},"561":{"start":{"line":562,"column":0},"end":{"line":562,"column":21}},"562":{"start":{"line":563,"column":0},"end":{"line":563,"column":20}},"563":{"start":{"line":564,"column":0},"end":{"line":564,"column":54}},"564":{"start":{"line":565,"column":0},"end":{"line":565,"column":22}},"565":{"start":{"line":566,"column":0},"end":{"line":566,"column":35}},"566":{"start":{"line":567,"column":0},"end":{"line":567,"column":82}},"567":{"start":{"line":568,"column":0},"end":{"line":568,"column":44}},"568":{"start":{"line":569,"column":0},"end":{"line":569,"column":31}},"569":{"start":{"line":570,"column":0},"end":{"line":570,"column":33}},"570":{"start":{"line":571,"column":0},"end":{"line":571,"column":33}},"571":{"start":{"line":572,"column":0},"end":{"line":572,"column":16}},"572":{"start":{"line":573,"column":0},"end":{"line":573,"column":13}},"574":{"start":{"line":575,"column":0},"end":{"line":575,"column":21}},"575":{"start":{"line":576,"column":0},"end":{"line":576,"column":16}},"576":{"start":{"line":577,"column":0},"end":{"line":577,"column":14}},"577":{"start":{"line":578,"column":0},"end":{"line":578,"column":12}},"580":{"start":{"line":581,"column":0},"end":{"line":581,"column":19}},"581":{"start":{"line":582,"column":0},"end":{"line":582,"column":35}},"582":{"start":{"line":583,"column":0},"end":{"line":583,"column":36}},"583":{"start":{"line":584,"column":0},"end":{"line":584,"column":24}},"584":{"start":{"line":585,"column":0},"end":{"line":585,"column":25}},"585":{"start":{"line":586,"column":0},"end":{"line":586,"column":28}},"586":{"start":{"line":587,"column":0},"end":{"line":587,"column":9}},"587":{"start":{"line":588,"column":0},"end":{"line":588,"column":40}},"588":{"start":{"line":589,"column":0},"end":{"line":589,"column":117}},"589":{"start":{"line":590,"column":0},"end":{"line":590,"column":14}},"590":{"start":{"line":591,"column":0},"end":{"line":591,"column":12}},"592":{"start":{"line":593,"column":0},"end":{"line":593,"column":38}},"593":{"start":{"line":594,"column":0},"end":{"line":594,"column":10}},"595":{"start":{"line":596,"column":0},"end":{"line":596,"column":23}},"596":{"start":{"line":597,"column":0},"end":{"line":597,"column":39}},"597":{"start":{"line":598,"column":0},"end":{"line":598,"column":40}},"598":{"start":{"line":599,"column":0},"end":{"line":599,"column":32}},"599":{"start":{"line":600,"column":0},"end":{"line":600,"column":32}},"600":{"start":{"line":601,"column":0},"end":{"line":601,"column":13}},"601":{"start":{"line":602,"column":0},"end":{"line":602,"column":102}},"603":{"start":{"line":604,"column":0},"end":{"line":604,"column":17}},"604":{"start":{"line":605,"column":0},"end":{"line":605,"column":25}},"605":{"start":{"line":606,"column":0},"end":{"line":606,"column":30}},"606":{"start":{"line":607,"column":0},"end":{"line":607,"column":56}},"607":{"start":{"line":608,"column":0},"end":{"line":608,"column":24}},"608":{"start":{"line":609,"column":0},"end":{"line":609,"column":15}},"609":{"start":{"line":610,"column":0},"end":{"line":610,"column":25}},"610":{"start":{"line":611,"column":0},"end":{"line":611,"column":33}},"611":{"start":{"line":612,"column":0},"end":{"line":612,"column":34}},"612":{"start":{"line":613,"column":0},"end":{"line":613,"column":66}},"613":{"start":{"line":614,"column":0},"end":{"line":614,"column":31}},"614":{"start":{"line":615,"column":0},"end":{"line":615,"column":16}},"615":{"start":{"line":616,"column":0},"end":{"line":616,"column":25}},"616":{"start":{"line":617,"column":0},"end":{"line":617,"column":32}},"617":{"start":{"line":618,"column":0},"end":{"line":618,"column":34}},"618":{"start":{"line":619,"column":0},"end":{"line":619,"column":66}},"619":{"start":{"line":620,"column":0},"end":{"line":620,"column":31}},"620":{"start":{"line":621,"column":0},"end":{"line":621,"column":16}},"621":{"start":{"line":622,"column":0},"end":{"line":622,"column":25}},"622":{"start":{"line":623,"column":0},"end":{"line":623,"column":30}},"623":{"start":{"line":624,"column":0},"end":{"line":624,"column":34}},"624":{"start":{"line":625,"column":0},"end":{"line":625,"column":66}},"625":{"start":{"line":626,"column":0},"end":{"line":626,"column":31}},"626":{"start":{"line":627,"column":0},"end":{"line":627,"column":16}},"627":{"start":{"line":628,"column":0},"end":{"line":628,"column":25}},"628":{"start":{"line":629,"column":0},"end":{"line":629,"column":34}},"629":{"start":{"line":630,"column":0},"end":{"line":630,"column":34}},"630":{"start":{"line":631,"column":0},"end":{"line":631,"column":66}},"631":{"start":{"line":632,"column":0},"end":{"line":632,"column":31}},"632":{"start":{"line":633,"column":0},"end":{"line":633,"column":16}},"633":{"start":{"line":634,"column":0},"end":{"line":634,"column":18}},"634":{"start":{"line":635,"column":0},"end":{"line":635,"column":16}},"637":{"start":{"line":638,"column":0},"end":{"line":638,"column":23}},"638":{"start":{"line":639,"column":0},"end":{"line":639,"column":39}},"639":{"start":{"line":640,"column":0},"end":{"line":640,"column":40}},"640":{"start":{"line":641,"column":0},"end":{"line":641,"column":32}},"641":{"start":{"line":642,"column":0},"end":{"line":642,"column":32}},"642":{"start":{"line":643,"column":0},"end":{"line":643,"column":13}},"643":{"start":{"line":644,"column":0},"end":{"line":644,"column":102}},"645":{"start":{"line":646,"column":0},"end":{"line":646,"column":17}},"646":{"start":{"line":647,"column":0},"end":{"line":647,"column":88}},"647":{"start":{"line":648,"column":0},"end":{"line":648,"column":19}},"648":{"start":{"line":649,"column":0},"end":{"l
[...]
}},"12":{"start":{"line":13,"column":0},"end":{"line":13,"column":31}},"13":{"start":{"line":14,"column":0},"end":{"line":14,"column":32}},"14":{"start":{"line":15,"column":0},"end":{"line":15,"column":14}},"15":{"start":{"line":16,"column":0},"end":{"line":16,"column":33}},"16":{"start":{"line":17,"column":0},"end":{"line":17,"column":7}},"17":{"start":{"line":18,"column":0},"end":{"line":18,"column":6}},"19":{"start":{"line":20,"column":0},"end":{"line":20,"column":22}},"20":{"start":{"line":21,"column":0},"end":{"line":21,"column":55}},"21":{"start":{"line":22,"column":0},"end":{"line":22,"column":71}},"22":{"start":{"line":23,"column":0},"end":{"line":23,"column":9}},"25":{"start":{"line":26,"column":0},"end":{"line":26,"column":35}},"26":{"start":{"line":27,"column":0},"end":{"line":27,"column":57}},"27":{"start":{"line":28,"column":0},"end":{"line":28,"column":57}},"28":{"start":{"line":29,"column":0},"end":{"line":29,"column":29}},"29":{"start":{"line":30,"column":0},"end":{"line":30,"column":4}},"31":{"start":{"line":32,"column":0},"end":{"line":32,"column":36}},"32":{"start":{"line":33,"column":0},"end":{"line":33,"column":57}},"33":{"start":{"line":34,"column":0},"end":{"line":34,"column":28}},"34":{"start":{"line":35,"column":0},"end":{"line":35,"column":4}},"36":{"start":{"line":37,"column":0},"end":{"line":37,"column":37}},"37":{"start":{"line":38,"column":0},"end":{"line":38,"column":57}},"38":{"start":{"line":39,"column":0},"end":{"line":39,"column":57}},"39":{"start":{"line":40,"column":0},"end":{"line":40,"column":28}},"40":{"start":{"line":41,"column":0},"end":{"line":41,"column":4}},"42":{"start":{"line":43,"column":0},"end":{"line":43,"column":40}},"43":{"start":{"line":44,"column":0},"end":{"line":44,"column":57}},"44":{"start":{"line":45,"column":0},"end":{"line":45,"column":28}},"45":{"start":{"line":46,"column":0},"end":{"line":46,"column":4}},"47":{"start":{"line":48,"column":0},"end":{"line":48,"column":10}},"48":{"start":{"line":49,"column":0},"end":{"line":49,"column":15}},"49":{"start":{"line":50,"column":0},"end":{"line":50,"column":22}},"50":{"start":{"line":51,"column":0},"end":{"line":51,"column":23}},"51":{"start":{"line":52,"column":0},"end":{"line":52,"column":24}},"52":{"start":{"line":53,"column":0},"end":{"line":53,"column":26}},"53":{"start":{"line":54,"column":0},"end":{"line":54,"column":4}},"54":{"start":{"line":55,"column":0},"end":{"line":55,"column":1}}},"s":{"0":1,"4":1,"5":25,"7":25,"8":15,"9":16,"10":16,"11":6,"12":16,"13":3,"14":10,"15":7,"16":7,"17":16,"19":15,"20":15,"21":15,"22":25,"25":25,"26":3,"27":3,"28":1,"29":3,"31":25,"32":2,"33":1,"34":2,"36":25,"37":3,"38":3,"39":1,"40":3,"42":25,"43":2,"44":1,"45":2,"47":25,"48":25,"49":25,"50":25,"51":25,"52":25,"53":25,"54":25},"branchMap":{"0":{"type":"branch","line":5,"loc":{"start":{"line":5,"column":7},"end":{"line":55,"column":1}},"locations":[{"start":{"line":5,"column":7},"end":{"line":55,"column":1}}]},"1":{"type":"branch","line":8,"loc":{"start":{"line":8,"column":12},"end":{"line":23,"column":5}},"locations":[{"start":{"line":8,"column":12},"end":{"line":23,"column":5}}]},"2":{"type":"branch","line":9,"loc":{"start":{"line":9,"column":28},"end":{"line":18,"column":6}},"locations":[{"start":{"line":9,"column":28},"end":{"line":18,"column":6}}]},"3":{"type":"branch","line":11,"loc":{"start":{"line":11,"column":23},"end":{"line":13,"column":17}},"locations":[{"start":{"line":11,"column":23},"end":{"line":13,"column":17}}]},"4":{"type":"branch","line":13,"loc":{"start":{"line":13,"column":6},"end":{"line":17,"column":7}},"locations":[{"start":{"line":13,"column":6},"end":{"line":17,"column":7}}]},"5":{"type":"branch","line":13,"loc":{"start":{"line":13,"column":30},"end":{"line":15,"column":13}},"locations":[{"start":{"line":13,"column":30},"end":{"line":15,"column":13}}]},"6":{"type":"branch","line":15,"loc":{"start":{"line":15,"column":6},"end":{"line":17,"column":7}},"locations":[{"start":{"line":15,"column":6},"end":{"line":17,"column":7}}]},"7":{"type":"branch","line":22,"loc":{"start":{"line":22,"column":11},"end":{"line":22,"column":71}},"locations":[{"start":{"line":22,"column":11},"end":{"line":22,"column":71}}]},"8":{"type":"branch","line":26,"loc":{"start":{"line":26,"column":28},"end":{"line":30,"column":4}},"locations":[{"start":{"line":26,"column":28},"end":{"line":30,"column":4}}]},"9":{"type":"branch","line":27,"loc":{"start":{"line":27,"column":33},"end":{"line":27,"column":57}},"locations":[{"start":{"line":27,"column":33},"end":{"line":27,"column":57}}]},"10":{"type":"branch","line":27,"loc":{"start":{"line":27,"column":40},"end":{"line":28,"column":40}},"locations":[{"start":{"line":27,"column":40},"end":{"line":28,"column":40}}]},"11":{"type":"branch","line":28,"loc":{"start":{"line":28,"column":33},"end":{"line":29,"column":29}},"locations":[{"start":{"line":28,"column":33},"end":{"line":29,"column":29}}]},"12":{"type":"branch","line":32,"loc":{"start":{"line":32,"column":29},"end":{"line":35,"column":4}},"locations":[{"start":{"line":32,"column":29},"end":{"line":35,"column":4}}]},"13":{"type":"branch","line":33,"loc":{"start":{"line":33,"column":33},"end":{"line":34,"column":28}},"locations":[{"start":{"line":33,"column":33},"end":{"line":34,"column":28}}]},"14":{"type":"branch","line":37,"loc":{"start":{"line":37,"column":30},"end":{"line":41,"column":4}},"locations":[{"start":{"line":37,"column":30},"end":{"line":41,"column":4}}]},"15":{"type":"branch","line":38,"loc":{"start":{"line":38,"column":33},"end":{"line":38,"column":57}},"locations":[{"start":{"line":38,"column":33},"end":{"line":38,"column":57}}]},"16":{"type":"branch","line":38,"loc":{"start":{"line":38,"column":40},"end":{"line":39,"column":40}},"locations":[{"start":{"line":38,"column":40},"end":{"line":39,"column":40}}]},"17":{"type":"branch","line":39,"loc":{"start":{"line":39,"column":33},"end":{"line":40,"column":28}},"locations":[{"start":{"line":39,"column":33},"end":{"line":40,"column":28}}]},"18":{"type":"branch","line":43,"loc":{"start":{"line":43,"column":33},"end":{"line":46,"column":4}},"locations":[{"start":{"line":43,"column":33},"end":{"line":46,"column":4}}]},"19":{"type":"branch","line":44,"loc":{"start":{"line":44,"column":33},"end":{"line":45,"column":28}},"locations":[{"start":{"line":44,"column":33},"end":{"line":45,"column":28}}]}},"b":{"0":[25],"1":[15],"2":[16],"3":[6],"4":[10],"5":[3],"6":[7],"7":[15],"8":[3],"9":[1],"10":[2],"11":[1],"12":[2],"13":[1],"14":[3],"15":[1],"16":[2],"17":[1],"18":[2],"19":[1]},"fnMap":{"0":{"name":"useResponsive","decl":{"start":{"line":5,"column":7},"end":{"line":55,"column":1}},"loc":{"start":{"line":5,"column":7},"end":{"line":55,"column":1}},"line":5},"1":{"name":"checkScreenSize","decl":{"start":{"line":9,"column":28},"end":{"line":18,"column":6}},"loc":{"start":{"line":9,"column":28},"end":{"line":18,"column":6}},"line":9},"2":{"name":"getGymGridColumns","decl":{"start":{"line":26,"column":28},"end":{"line":30,"column":4}},"loc":{"start":{"line":26,"column":28},"end":{"line":30,"column":4}},"line":26},"3":{"name":"getStatGridColumns","decl":{"start":{"line":32,"column":29},"end":{"line":35,"column":4}},"loc":{"start":{"line":32,"column":29},"end":{"line":35,"column":4}},"line":32},"4":{"name":"getPerksGridColumns","decl":{"start":{"line":37,"column":30},"end":{"line":41,"column":4}},"loc":{"start":{"line":37,"column":30},"end":{"line":41,"column":4}},"line":37},"5":{"name":"getSettingsGridColumns","decl":{"start":{"line":43,"column":33},"end":{"line":46,"column":4}},"loc":{"start":{"line":43,"column":33},"end":{"line":46,"column":4}},"line":43}},"f":{"0":25,"1":16,"2":3,"3":2,"4":3,"5":2}}
,"D:\\code\\torn-gym-analyzer\\src\\utils\\calc.ts": {"path":"D:\\code\\torn-gym-analyzer\\src\\utils\\calc.ts","all":true,"statementMap":{"6":{"start":{"line":7,"column":0},"end":{"line":7,"column":24}},"7":{"start":{"line":8,"column":0},"end":{"line":8,"column":36}},"8":{"start":{"line":9,"column":0},"end":{"line":9,"column":37}},"9":{"start":{"line":10,"column":0},"end":{"line":10,"column":37}},"10":{"start":{"line":11,"column":0},"end":{"line":11,"column":37}},"11":{"start":{"line":12,"column":0},"end":{"line":12,"column":11}},"30":{"start":{"line":31,"column":0},"end":{"line":31,"column":53}},"32":{"start":{"line":33,"column":0},"end":{"line":33,"column":98}},"33":{"start":{"line":34,"column":0},"end":{"line":34,"column":98}},"34":{"start":{"line":35,"column":0},"end":{"line":35,"column":97}},"35":{"start":{"line":36,"column":0},"end":{"line":36,"column":98}},"36":{"start":{"line":37,"column":0},"end":{"line":37,"column":98}},"37":{"start":{"line":38,"column":0},"end":{"line":38,"column":98}},"38":{"start":{"line":39,"column":0},"end":{"line":39,"column":98}},"39":{"start":{"line":40,"column":0},"end":{"line":40,"column":98}},"42":{"start":{"line":43,"column":0},"end":{"line":43,"column":98}},"43":{"start":{"line":44,"column":0},"end":{"line":44,"column":98}},"44":{"start":{"line":45,"column":0},"end":{"line":45,"column":98}},"45":{"start":{"line":46,"column":0},"end":{"line":46,"column":98}},"46":{"start":{"line":47,"column":0},"end":{"line":47,"column":98}},"47":{"start":{"line":48,"column":0},"end":{"line":48,"column":98}},"48":{"start":{"line":49,"column":0},"end":{"line":49,"column":98}},"49":{"start":{"line":50,"column":0},"end":{"line":50,"column":98}},"52":{"start":{"line":53,"column":0},"end":{"line":53,"column":98}},"53":{"start":{"line":54,"column":0},"end":{"line":54,"column":98}},"54":{"start":{"line":55,"column":0},"end":{"line":55,"column":98}},"55":{"start":{"line":56,"column":0},"end":{"line":56,"column":97}},"56":{"start":{"line":57,"column":0},"end":{"line":57,"column":98}},"57":{"start":{"line":58,"column":0},"end":{"line":58,"column":98}},"58":{"start":{"line":59,"column":0},"end":{"line":59,"column":98}},"59":{"start":{"line":60,"column":0},"end":{"line":60,"column":97}},"62":{"start":{"line":63,"column":0},"end":{"line":63,"column":98}},"63":{"start":{"line":64,"column":0},"end":{"line":64,"column":98}},"64":{"start":{"line":65,"column":0},"end":{"line":65,"column":98}},"65":{"start":{"line":66,"column":0},"end":{"line":66,"column":98}},"66":{"start":{"line":67,"column":0},"end":{"line":67,"column":98}},"67":{"start":{"line":68,"column":0},"end":{"line":68,"column":98}},"68":{"start":{"line":69,"column":0},"end":{"line":69,"column":98}},"71":{"start":{"line":72,"column":0},"end":{"line":72,"column":98}},"72":{"start":{"line":73,"column":0},"end":{"line":73,"column":2}},"106":{"start":{"line":107,"column":0},"end":{"line":107,"column":35}},"111":{"start":{"line":112,"column":0},"end":{"line":112,"column":28}},"112":{"start":{"line":113,"column":0},"end":{"line":113,"column":19}},"113":{"start":{"line":114,"column":0},"end":{"line":114,"column":16}},"114":{"start":{"line":115,"column":0},"end":{"line":115,"column":18}},"115":{"start":{"line":116,"column":0},"end":{"line":116,"column":16}},"116":{"start":{"line":117,"column":0},"end":{"line":117,"column":33}},"117":{"start":{"line":118,"column":0},"end":{"line":118,"column":11}},"119":{"start":{"line":120,"column":0},"end":{"line":120,"column":37}},"120":{"start":{"line":121,"column":0},"end":{"line":121,"column":91}},"121":{"start":{"line":122,"column":0},"end":{"line":122,"column":38}},"124":{"start":{"line":125,"column":0},"end":{"line":125,"column":56}},"125":{"start":{"line":126,"column":0},"end":{"line":126,"column":15}},"126":{"start":{"line":127,"column":0},"end":{"line":127,"column":89}},"127":{"start":{"line":128,"column":0},"end":{"line":128,"column":23}},"128":{"start":{"line":129,"column":0},"end":{"line":129,"column":3}},"129":{"start":{"line":130,"column":0},"end":{"line":130,"column":57}},"132":{"start":{"line":133,"column":0},"end":{"line":133,"column":40}},"133":{"start":{"line":134,"column":0},"end":{"line":134,"column":47}},"134":{"start":{"line":135,"column":0},"end":{"line":135,"column":29}},"135":{"start":{"line":136,"column":0},"end":{"line":136,"column":41}},"138":{"start":{"line":139,"column":0},"end":{"line":139,"column":129}},"141":{"start":{"line":142,"column":0},"end":{"line":142,"column":43}},"142":{"start":{"line":143,"column":0},"end":{"line":143,"column":24}},"143":{"start":{"line":144,"column":0},"end":{"line":144,"column":94}},"146":{"start":{"line":147,"column":0},"end":{"line":147,"column":107}},"147":{"start":{"line":148,"column":0},"end":{"line":148,"column":102}},"150":{"start":{"line":151,"column":0},"end":{"line":151,"column":101}},"151":{"start":{"line":152,"column":0},"end":{"line":152,"column":53}},"154":{"start":{"line":155,"column":0},"end":{"line":155,"column":55}},"155":{"start":{"line":156,"column":0},"end":{"line":156,"column":59}},"156":{"start":{"line":157,"column":0},"end":{"line":157,"column":65}},"158":{"start":{"line":159,"column":0},"end":{"line":159,"column":57}},"159":{"start":{"line":160,"column":0},"end":{"line":160,"column":1}},"164":{"start":{"line":165,"column":0},"end":{"line":165,"column":87}},"165":{"start":{"line":166,"column":0},"end":{"line":166,"column":77}},"166":{"start":{"line":167,"column":0},"end":{"line":167,"column":51}},"167":{"start":{"line":168,"column":0},"end":{"line":168,"column":1}},"171":{"start":{"line":172,"column":0},"end":{"line":172,"column":40}},"172":{"start":{"line":173,"column":0},"end":{"line":173,"column":32}},"173":{"start":{"line":174,"column":0},"end":{"line":174,"column":34}},"174":{"start":{"line":175,"column":0},"end":{"line":175,"column":28}},"175":{"start":{"line":176,"column":0},"end":{"line":176,"column":53}},"176":{"start":{"line":177,"column":0},"end":{"line":177,"column":61}},"177":{"start":{"line":178,"column":0},"end":{"line":178,"column":14}},"180":{"start":{"line":181,"column":0},"end":{"line":181,"column":39}},"181":{"start":{"line":182,"column":0},"end":{"line":182,"column":82}},"182":{"start":{"line":183,"column":0},"end":{"line":183,"column":83}},"185":{"start":{"line":186,"column":0},"end":{"line":186,"column":60}},"188":{"start":{"line":189,"column":0},"end":{"line":189,"column":31}},"189":{"start":{"line":190,"column":0},"end":{"line":190,"column":5}},"190":{"start":{"line":191,"column":0},"end":{"line":191,"column":13}},"191":{"start":{"line":192,"column":0},"end":{"line":192,"column":1}},"195":{"start":{"line":196,"column":0},"end":{"line":196,"column":101}},"196":{"start":{"line":197,"column":0},"end":{"line":197,"column":12}},"199":{"start":{"line":200,"column":0},"end":{"line":200,"column":54}},"200":{"start":{"line":201,"column":0},"end":{"line":201,"column":65}},"201":{"start":{"line":202,"column":0},"end":{"line":202,"column":68}},"204":{"start":{"line":205,"column":0},"end":{"line":205,"column":83}},"205":{"start":{"line":206,"column":0},"end":{"line":206,"column":80}},"208":{"start":{"line":209,"column":0},"end":{"line":209,"column":70}},"211":{"start":{"line":212,"column":0},"end":{"line":212,"column":95}},"212":{"start":{"line":213,"column":0},"end":{"line":213,"column":42}},"214":{"start":{"line":215,"column":0},"end":{"line":215,"column":11}},"215":{"start":{"line":216,"column":0},"end":{"line":216,"column":1}},"219":{"start":{"line":220,"column":0},"end":{"line":220,"column":113}},"220":{"start":{"line":221,"column":0},"end":{"line":221,"column":65}},"221":{"start":{"line":222,"column":0},"end":{"line":222,"column":13}},"222":{"start":{"line":223,"column":0},"end":{"line":223,"column":23}},"223":{"start":{"line":224,"column":0},"end":{"line":224,"column":42}},"224":{"start":{"line":225,"column":0},"end":{"line":225,"column":41}},"225":{"start":{"line":226,"column":0},"end":{"line":226,"column":3}},"226":{"start":{"line":227,"column":0},"end":{"line":227,"column":23}},"227":{"start":{"line":228,"column":0},"end":{"line":228,"column":41}},"228":{"start":{"line":229,"column":0},"end":{"line":229,"column":3}},"229":{"start":{"line":230,"column":0},"end":{"line":230,"column":12}},"230":{"start":{"line":231,"column":0},"end":{"line":231,"column":1}},"234":{"start":{"line":235,"column":0},"end":{"line":235,"column":55}},"235":{"start":{"line":236,"column":0},"end":{"line":236,"column":37}},"236":{"start":{"line":237,"column":0},"end":{"line":237,"column":91}},"237":{"start":{"line":238,"column":0},"end":{"line":238,"column":38}},"239":{"start":{"line":240,"column":0},"end":{"line":240,"column":56}},"240":{"start":{"line":241,"column":0},"end":{"line":241,"column":15}},"241":{"start":{"line":242,"column":0},"end":{"line":242,"column":89}},"242":{"start":{"line":243,"column":0},"end":{"line":243,"column":23}},"243":{"start":{"line":244,"column":0},"end":{"line":244,"column":3}},"244":{"start":{"line":245,"column":0},"end":{"line":245,"column":57}},"246":{"start":{"line":247,"column":0},"end":{"line":247,"column":30}},"247":{"start":{"line":248,"column":0},"end":{"line":248,"column":1}},"251":{"start":{"line":252,"column":0},"end":{"line":252,"column":40}},"252":{"start":{"line":253,"column":0},"end":{"line":253,"column":19}},"253":{"start":{"line":254,"column":0},"end":{"line":254,"column":23}},"254":{"start":{"line":255,"column":0},"end":{"line":255,"column":18}},"255":{"start":{"line":256,"column":0},"end":{"line":256,"column":17}},"256":{"start":{"line":257,"column":0},"end":{"line":257,"column":16}},"257":{"start":{"line":258,"column":0},"end":{"line":258,"column":34}},"258":{"start":{"line":259,"column":0},"end":{"line":259,"column":3}},"259":{"start":{"line":260,"column":0},"end":{"line":260,"column":47}},"261":{"start":{"line":262,"column":0},"end":{"line":262,"column":16}},"262":{"start":{"line":263,"column":0},"end":{"line":263,"column":23}},"263":{"start":{"line":264,"column":0},"end":{"line":264,"column":69}},"264":{"start":{"line":265,"column":0},"end":{"line":265,"column":32}},"266":{"start":{"line":267,"column":0},"end":{"line":267,"column":36}},"267":{"start":{"line":268,"column":0},"end":{"line":268,"column":64}},"268":{"start":{"line":269,"column":0},"end":{"line":269,"column":21}},"269":{"start":{"line":270,"column":0},"end":{"line":270,"column":15}},"272":{"start":{"line":273,"column":0},"end":{"line":273,"column":21}},"275":{"start":{"line":276,"column":0},"end":{"line":276,"column":60}},"276":{"start":{"line":277,"column":0},"end":{"line":277,"column":3}},"277":{"start":{"line":278,"column":0},"end":{"line":278,"column":70}},"278":{"start":{"line":279,"column":0},"end":{"line":279,"column":1}}},"s":{"6":0,"7":0,"8":0,"9":0,"10":0,"11":0,"30":0,"32":0,"33":0,"34":0,"35":0,"36":0,"37":0,"38":0,"39":0,"42":0,"43":0,"44":0,"45":0,"46":0,"47":0,"48":0,"49":0,"52":0,"53":0,"54":0,"55":0,"56":0,"57":0,"58":0,"59":0,"62":0,"63":0,"64":0,"65":0,"66":0,"67":0,"68":0,"71":0,"72":0,"106":0,"111":0,"112":0,"113":0,"114":0,"115":0,"116":0,"117":0,"119":0,"120":0,"121":0,"124":0,"125":0,"126":0,"127":0,"128":0,"129":0,"132":0,"133":0,"134":0,"135":0,"138":0,"141":0,"142":0,"143":0,"146":0,"147":0,"150":0,"151":0,"154":0,"155":0,"156":0,"158":0,"159":0,"164":0,"165":0,"166":0,"167":0,"171":0,"172":0,"173":0,"174":0,"175":0,"176":0,"177":0,"180":0,"181":0,"182":0,"185":0,"188":0,"189":0,"190":0,"191":0,"195":0,"196":0,"199":0,"200":0,"201":0,"204":0,"205":0,"208":0,"211":0,"212":0,"214":0,"215":0,"219":0,"220":0,"221":0,"222":0,"223":0,"224":0,"225":0,"226":0,"227":0,"228":0,"229":0,"230":0,"234":0,"235":0,"236":0,"237":0,"239":0,"240":0,"241":0,"242":0,"243":0,"244":0,"246":0,"247":0,"251":0,"252":0,"253":0,"254":0,"255":0,"256":0,"257":0,"258":0,"259":0,"261":0,"262":0,"263":0,"264":0,"266":0,"267":0,"268":0,"269":0,"272":0,"275":0,"276":0,"277":0,"278":0},"branchMap":{"0":{"type":"branch","line":1,"loc":{"start":{"line":1,"column":12626},"end":{"line":279,"column":1}},"locations":[{"start":{"line":1,"column":12626},"end":{"line":279,"column":1}}]}},"b":{"0":[1]},"fnMap":{"0":{"name":"(empty-report)","decl":{"start":{"line":1,"column":12626},"end":{"line":279,"column":1}},"loc":{"start":{"line":1,"column":12626},"end":{"line":279,"column":1}},"line":1}},"f":{"0":1}}
}
